timestamp: 2019-01-20T15:55:01.977000
CREATE TABLE "auth_user"(
    "id" INTEGER PRIMARY KEY AUTOINCREMENT,
    "first_name" CHAR(128),
    "last_name" CHAR(128),
    "email" CHAR(512),
    "password" CHAR(512),
    "registration_key" CHAR(512),
    "reset_password_key" CHAR(512),
    "registration_id" CHAR(512)
);
success!
timestamp: 2019-01-20T15:55:02.141000
CREATE TABLE "auth_group"(
    "id" INTEGER PRIMARY KEY AUTOINCREMENT,
    "role" CHAR(512),
    "description" TEXT
);
success!
timestamp: 2019-01-20T15:55:02.233000
CREATE TABLE "auth_membership"(
    "id" INTEGER PRIMARY KEY AUTOINCREMENT,
    "user_id" INTEGER REFERENCES "auth_user" ("id") ON DELETE CASCADE  ,
    "group_id" INTEGER REFERENCES "auth_group" ("id") ON DELETE CASCADE  
);
success!
timestamp: 2019-01-20T15:55:02.418000
CREATE TABLE "auth_permission"(
    "id" INTEGER PRIMARY KEY AUTOINCREMENT,
    "group_id" INTEGER REFERENCES "auth_group" ("id") ON DELETE CASCADE  ,
    "name" CHAR(512),
    "table_name" CHAR(512),
    "record_id" INTEGER
);
success!
timestamp: 2019-01-20T15:55:02.529000
CREATE TABLE "auth_event"(
    "id" INTEGER PRIMARY KEY AUTOINCREMENT,
    "time_stamp" TIMESTAMP,
    "client_ip" CHAR(512),
    "user_id" INTEGER REFERENCES "auth_user" ("id") ON DELETE CASCADE  ,
    "origin" CHAR(512),
    "description" TEXT
);
success!
timestamp: 2019-01-20T15:55:02.641000
CREATE TABLE "auth_cas"(
    "id" INTEGER PRIMARY KEY AUTOINCREMENT,
    "user_id" INTEGER REFERENCES "auth_user" ("id") ON DELETE CASCADE  ,
    "created_on" TIMESTAMP,
    "service" CHAR(512),
    "ticket" CHAR(512),
    "renew" CHAR(1)
);
success!
timestamp: 2019-01-20T19:44:33.446000
CREATE TABLE "designation"(
    "id" INTEGER PRIMARY KEY AUTOINCREMENT,
    "name" CHAR(512)
);
success!
timestamp: 2019-01-20T19:52:55.423000
CREATE TABLE "employee"(
    "id" INTEGER PRIMARY KEY AUTOINCREMENT,
    "surname" CHAR(512),
    "name" CHAR(512),
    "gender" CHAR(512),
    "designation" INTEGER REFERENCES "designation" ("id") ON DELETE CASCADE  ,
    "dob" DATE,
    "doj" DATE,
    "pf_no" INTEGER,
    "job_typ" CHAR(512),
    "ty_wage" CHAR(512)
);
success!
timestamp: 2019-01-20T19:58:48.868000
CREATE TABLE "lve"(
    "id" INTEGER PRIMARY KEY AUTOINCREMENT,
    "employee" INTEGER REFERENCES "employee" ("id") ON DELETE CASCADE  ,
    "f_date" DATE,
    "t_date" DATE,
    "leaves" INTEGER,
    "reason" CHAR(512)
);
success!
timestamp: 2019-01-20T19:59:19.609000
CREATE TABLE "salary"(
    "id" INTEGER PRIMARY KEY AUTOINCREMENT,
    "employee" INTEGER REFERENCES "employee" ("id") ON DELETE CASCADE  ,
    "b_acc" INTEGER,
    "lve" INTEGER REFERENCES "lve" ("id") ON DELETE CASCADE  ,
    "cu_bp" INTEGER,
    "sc_of_pay" INTEGER
);
success!
timestamp: 2019-01-25T11:07:28.804000
ALTER TABLE "employee" ADD "scale_of_pay" INTEGER;
timestamp: 2019-01-25T11:07:29.108000
ALTER TABLE "employee" ADD "pen" INTEGER;
success!
success!
success!
success!
success!
success!
success!
success!
success!
success!
success!
success!
success!
success!
success!
success!
success!
success!
success!
timestamp: 2019-01-25T11:47:58.470000
ALTER TABLE "employee" ADD "sli_no" INTEGER;
timestamp: 2019-01-25T11:47:58.561000
ALTER TABLE "employee" ADD "doi" DATE;
timestamp: 2019-01-25T11:47:58.772000
ALTER TABLE "employee" ADD "docp" DATE;
timestamp: 2019-01-25T11:47:58.888000
ALTER TABLE "employee" ADD "pli_no" INTEGER;
timestamp: 2019-01-25T11:47:59.024000
ALTER TABLE "employee" ADD "lic_no" INTEGER;
timestamp: 2019-01-25T11:47:59.107000
ALTER TABLE "employee" ADD "gpf_acc_no" INTEGER;
timestamp: 2019-01-25T11:47:59.164000
ALTER TABLE "employee" ADD "honorarium" CHAR(512);
timestamp: 2019-01-25T11:47:59.225000
ALTER TABLE "employee" ADD "service_verified" CHAR(512);
timestamp: 2019-01-25T11:47:59.346000
ALTER TABLE "employee" ADD "fps_no" INTEGER;
timestamp: 2019-01-25T11:47:59.405000
ALTER TABLE "employee" ADD "m_status" CHAR(512);
success!
success!
success!
success!
success!
success!
success!
success!
success!
success!
success!
success!
success!
success!
success!
success!
success!
success!
success!
success!
success!
success!
success!
timestamp: 2019-02-01T16:02:52.700000
ALTER TABLE "employee" ADD "off_tem" CHAR(512);
success!
timestamp: 2019-02-01T16:02:55.029000
CREATE TABLE "advances"(
    "id" INTEGER PRIMARY KEY AUTOINCREMENT,
    "gpf" INTEGER,
    "cyclic_mc" DATE,
    "fest_allo" INTEGER,
    "h_l_mna" INTEGER,
    "reason" CHAR(512)
);
success!
timestamp: 2019-02-01T16:02:55.206000
CREATE TABLE "govtres"(
    "id" INTEGER PRIMARY KEY AUTOINCREMENT,
    "dooc" DATE,
    "dov" DATE
);
success!
success!
success!
success!
success!
success!
success!
success!
success!
success!
success!
success!
success!
success!
success!
success!
success!
success!
success!
timestamp: 2019-02-01T16:12:18.516000
ALTER TABLE "advances" ADD "no_date" INTEGER;
success!
success!
success!
success!
success!
success!
success!
success!
success!
success!
success!
success!
success!
success!
success!
success!
success!
success!
success!
success!
success!
success!
success!
success!
success!
success!
success!
success!
success!
success!
success!
success!
success!
success!
success!
success!
success!
success!
success!
success!
success!
success!
success!
success!
success!
success!
success!
success!
success!
success!
success!
success!
success!
success!
success!
success!
success!
success!
success!
success!
success!
success!
success!
success!
success!
success!
success!
success!
success!
success!
success!
success!
success!
success!
success!
success!
success!
success!
success!
success!
success!
success!
success!
success!
success!
success!
success!
success!
success!
success!
success!
success!
success!
success!
success!
success!
success!
success!
success!
success!
success!
success!
success!
success!
success!
success!
success!
success!
success!
success!
success!
success!
success!
success!
success!
success!
success!
success!
success!
success!
success!
success!
success!
success!
success!
success!
success!
success!
success!
success!
success!
success!
timestamp: 2019-02-07T21:51:28.005000
CREATE TABLE "govt_r_o"(
    "id" INTEGER PRIMARY KEY AUTOINCREMENT,
    "d_o_o" DATE,
    "d_o_v" DATE
);
success!
success!
timestamp: 2019-02-07T21:52:28.742000
ALTER TABLE "employee" ADD "govt_r_o" INTEGER REFERENCES "govt_r_o" ("id") ON DELETE CASCADE  ;
success!
success!
success!
success!
success!
success!
success!
success!
success!
success!
success!
success!
success!
success!
success!
success!
success!
success!
success!
success!
success!
success!
success!
success!
success!
success!
success!
success!
success!
success!
success!
success!
success!
success!
success!
success!
success!
success!
success!
success!
success!
success!
success!
success!
success!
success!
success!
success!
success!
success!
success!
success!
success!
success!
success!
success!
success!
success!
success!
success!
success!
success!
success!
success!
success!
success!
success!
success!
success!
success!
success!
success!
success!
success!
success!
success!
success!
success!
success!
success!
success!
success!
success!
success!
success!
success!
success!
success!
success!
success!
success!
success!
success!
success!
success!
success!
success!
success!
success!
success!
success!
success!
success!
success!
success!
success!
success!
success!
success!
success!
success!
success!
success!
success!
success!
success!
success!
success!
success!
success!
success!
success!
success!
success!
success!
success!
success!
success!
success!
success!
success!
success!
success!
success!
success!
success!
success!
success!
success!
success!
success!
success!
success!
success!
success!
success!
success!
success!
success!
success!
success!
success!
success!
success!
success!
success!
success!
success!
success!
success!
success!
success!
success!
success!
success!
success!
success!
success!
success!
success!
success!
success!
success!
success!
success!
success!
success!
success!
success!
success!
success!
success!
success!
success!
success!
success!
timestamp: 2019-02-08T14:22:33.628000
CREATE TABLE "remitence"(
    "id" INTEGER PRIMARY KEY AUTOINCREMENT,
    "dte" DATE,
    "amd" INTEGER,
    "chkd" INTEGER,
    "chkno" INTEGER,
    "typ" CHAR(512),
    "amt" INTEGER
);
success!
success!
timestamp: 2019-02-08T14:23:10.748000
CREATE TABLE "bank"(
    "id" INTEGER PRIMARY KEY AUTOINCREMENT,
    "amt" INTEGER REFERENCES "remitence" ("id") ON DELETE CASCADE  ,
    "ahn" CHAR(512),
    "accno" INTEGER,
    "ifsc" INTEGER,
    "pan" INTEGER,
    "mob" INTEGER,
    "addr" INTEGER,
    "remitence" INTEGER REFERENCES "remitence" ("id") ON DELETE CASCADE  
);
success!
timestamp: 2019-02-08T14:23:11.091000
CREATE TABLE "pbr"(
    "id" INTEGER PRIMARY KEY AUTOINCREMENT,
    "pen" INTEGER REFERENCES "employee" ("id") ON DELETE CASCADE  ,
    "billno" INTEGER,
    "fbs" INTEGER,
    "m_and_year" DATE,
    "evt" CHAR(512),
    "op" CHAR(512),
    "dod" DATE,
    "fdr" INTEGER,
    "ssp" INTEGER,
    "acc_details" CHAR(512),
    "lve_s" INTEGER,
    "clerk_en" CHAR(512),
    "da" INTEGER,
    "hra" INTEGER,
    "spa" INTEGER,
    "amt" INTEGER REFERENCES "remitence" ("id") ON DELETE CASCADE  ,
    "gps" INTEGER,
    "tdue" INTEGER,
    "gpf" INTEGER,
    "hore" INTEGER,
    "accno" INTEGER REFERENCES "bank" ("id") ON DELETE CASCADE  ,
    "itax" INTEGER,
    "f_allow" INTEGER,
    "h_allow" INTEGER,
    "gpas" INTEGER,
    "td" INTEGER,
    "np" INTEGER,
    "pv" CHAR(512)
);
success!
success!
success!
success!
timestamp: 2019-02-08T14:24:50.074000
ALTER TABLE "lve" ADD "status" DATE;
timestamp: 2019-02-08T14:24:50.202000
ALTER TABLE "lve" ADD "l_id" INTEGER;
timestamp: 2019-02-08T14:24:50.308000
ALTER TABLE "lve" ADD "days" INTEGER;
timestamp: 2019-02-08T14:24:50.414000
ALTER TABLE "lve" ADD "pen" INTEGER REFERENCES "employee" ("id") ON DELETE CASCADE  ;
timestamp: 2019-02-08T14:24:50.489000
ALTER TABLE "lve" ADD "apply_date" DATE;
timestamp: 2019-02-08T14:24:50.619000
ALTER TABLE "lve" ADD "typ" CHAR(512);
success!
success!
success!
success!
success!
success!
success!
success!
success!
success!
success!
success!
success!
success!
success!
success!
success!
success!
success!
success!
success!
success!
success!
success!
success!
success!
success!
success!
success!
success!
success!
success!
success!
success!
success!
success!
success!
success!
success!
success!
success!
success!
success!
success!
success!
success!
success!
success!
success!
success!
success!
success!
success!
success!
success!
success!
success!
success!
success!
success!
success!
success!
success!
success!
success!
timestamp: 2019-02-08T14:33:10.793000
ALTER TABLE "govt_r_o" ADD "dov" DATE;
timestamp: 2019-02-08T14:33:10.963000
ALTER TABLE "govt_r_o" ADD "doo" DATE;
success!
success!
success!
success!
success!
success!
success!
success!
success!
success!
success!
success!
success!
success!
success!
success!
success!
success!
success!
success!
success!
success!
success!
success!
success!
timestamp: 2019-02-08T14:35:43.924000
ALTER TABLE "employee" ADD "doo" INTEGER REFERENCES "govt_r_o" ("id") ON DELETE CASCADE  ;
success!
success!
success!
success!
success!
success!
success!
success!
success!
success!
success!
success!
success!
success!
success!
success!
success!
success!
success!
success!
success!
success!
success!
success!
success!
success!
success!
success!
success!
success!
success!
success!
success!
success!
success!
success!
success!
success!
success!
success!
success!
success!
success!
success!
success!
success!
success!
success!
success!
success!
success!
success!
success!
success!
success!
success!
success!
success!
success!
success!
success!
success!
success!
success!
success!
success!
success!
success!
success!
success!
success!
success!
success!
success!
success!
success!
success!
success!
success!
success!
success!
success!
success!
success!
success!
success!
success!
success!
success!
success!
success!
success!
success!
success!
success!
success!
success!
success!
success!
success!
success!
success!
success!
success!
success!
success!
success!
success!
success!
success!
success!
success!
success!
success!
success!
success!
success!
success!
success!
success!
success!
success!
success!
success!
success!
success!
success!
success!
success!
success!
success!
success!
success!
success!
success!
success!
success!
success!
success!
timestamp: 2019-02-12T13:25:14.629000
ALTER TABLE "remitence" ADD "pen" INTEGER REFERENCES "employee" ("id") ON DELETE CASCADE  ;
success!
timestamp: 2019-02-12T13:25:15.093000
ALTER TABLE "bank" ADD "pen" INTEGER REFERENCES "employee" ("id") ON DELETE CASCADE  ;
success!
success!
success!
success!
success!
success!
success!
success!
success!
success!
success!
success!
success!
success!
success!
success!
success!
success!
success!
success!
success!
success!
success!
success!
success!
success!
success!
success!
success!
success!
success!
success!
success!
success!
success!
success!
success!
success!
success!
success!
success!
success!
success!
success!
success!
success!
success!
success!
success!
success!
success!
success!
success!
success!
success!
success!
success!
success!
success!
success!
success!
success!
success!
success!
success!
success!
success!
success!
success!
success!
success!
success!
success!
success!
success!
success!
success!
success!
success!
success!
success!
success!
success!
success!
success!
success!
success!
success!
success!
success!
success!
success!
success!
success!
success!
success!
success!
success!
success!
success!
success!
success!
success!
success!
success!
success!
success!
success!
success!
success!
success!
success!
success!
success!
success!
success!
success!
success!
success!
success!
success!
success!
success!
success!
success!
success!
success!
success!
success!
success!
success!
success!
success!
success!
success!
success!
success!
success!
success!
success!
success!
success!
success!
success!
success!
success!
success!
success!
success!
success!
success!
success!
success!
success!
success!
success!
success!
success!
success!
success!
success!
success!
success!
success!
success!
success!
success!
success!
success!
success!
success!
success!
success!
success!
success!
success!
success!
success!
success!
success!
success!
success!
success!
success!
success!
success!
success!
success!
success!
success!
success!
success!
success!
success!
success!
success!
success!
success!
success!
success!
success!
success!
success!
success!
success!
success!
success!
success!
success!
success!
success!
success!
success!
success!
success!
success!
success!
success!
success!
success!
success!
success!
success!
success!
success!
success!
success!
success!
success!
success!
success!
success!
success!
success!
success!
success!
success!
success!
success!
success!
success!
success!
timestamp: 2019-02-12T14:28:15.035000
ALTER TABLE "employee" ADD "curbasicpay" INTEGER;
success!
timestamp: 2019-02-12T14:28:17.048000
CREATE TABLE "status"(
    "id" INTEGER PRIMARY KEY AUTOINCREMENT,
    "name" CHAR(512)
);
success!
success!
success!
success!
success!
success!
success!
timestamp: 2019-02-12T14:34:43.102000
ALTER TABLE "pbr" ADD "created_on" TIMESTAMP;
timestamp: 2019-02-12T14:34:43.891000
ALTER TABLE "pbr" ADD "created_by" INTEGER REFERENCES "auth_user" ("id") ON DELETE CASCADE  ;
timestamp: 2019-02-12T14:34:44.650000
ALTER TABLE "pbr" ADD "status" INTEGER REFERENCES "status" ("id") ON DELETE CASCADE  ;
success!
success!
success!
success!
success!
success!
success!
success!
success!
success!
success!
success!
success!
success!
success!
success!
success!
success!
success!
success!
success!
success!
success!
success!
success!
success!
success!
success!
success!
success!
success!
success!
success!
success!
success!
success!
success!
success!
success!
success!
success!
success!
success!
success!
success!
success!
success!
success!
success!
success!
success!
success!
success!
success!
success!
success!
success!
success!
success!
success!
success!
success!
success!
success!
success!
success!
success!
success!
success!
success!
success!
success!
success!
success!
success!
success!
success!
success!
success!
success!
success!
success!
success!
success!
success!
success!
success!
success!
success!
success!
success!
success!
success!
success!
success!
success!
success!
success!
success!
success!
success!
success!
success!
success!
success!
success!
success!
success!
success!
success!
success!
success!
success!
success!
success!
success!
success!
success!
success!
success!
success!
success!
success!
success!
success!
success!
success!
success!
success!
success!
success!
success!
success!
success!
success!
success!
success!
success!
success!
success!
success!
success!
success!
success!
success!
success!
success!
success!
success!
success!
success!
success!
success!
success!
success!
success!
success!
success!
success!
success!
success!
success!
success!
success!
success!
success!
success!
success!
success!
success!
success!
success!
success!
success!
success!
success!
success!
success!
success!
success!
success!
success!
success!
success!
success!
success!
success!
success!
success!
success!
success!
success!
success!
success!
success!
success!
success!
success!
success!
success!
success!
success!
success!
success!
success!
success!
success!
success!
success!
success!
success!
success!
success!
success!
success!
success!
success!
success!
success!
success!
success!
success!
success!
success!
success!
success!
success!
success!
success!
success!
success!
success!
success!
success!
success!
success!
success!
success!
success!
success!
success!
success!
success!
success!
success!
success!
success!
success!
success!
success!
success!
success!
success!
success!
success!
success!
success!
success!
success!
success!
success!
success!
success!
success!
success!
success!
success!
success!
success!
success!
success!
success!
success!
success!
success!
success!
success!
success!
success!
success!
success!
success!
success!
success!
success!
success!
success!
success!
success!
success!
success!
success!
success!
success!
success!
success!
success!
success!
success!
success!
success!
success!
success!
success!
success!
success!
success!
success!
success!
success!
success!
success!
success!
success!
success!
success!
success!
success!
success!
success!
success!
success!
success!
success!
success!
success!
success!
success!
success!
success!
success!
success!
success!
success!
success!
success!
success!
success!
success!
success!
success!
success!
success!
success!
success!
success!
success!
success!
success!
success!
success!
success!
success!
success!
success!
success!
success!
success!
success!
success!
success!
success!
success!
success!
success!
success!
success!
success!
success!
success!
success!
success!
success!
success!
success!
success!
success!
success!
success!
success!
success!
success!
success!
success!
success!
success!
success!
success!
success!
success!
success!
success!
success!
success!
success!
success!
success!
success!
success!
success!
success!
success!
success!
success!
success!
success!
success!
success!
success!
success!
success!
success!
success!
success!
success!
success!
success!
success!
success!
success!
success!
success!
success!
success!
success!
success!
success!
success!
success!
success!
success!
success!
success!
success!
success!
success!
success!
success!
success!
success!
success!
success!
success!
success!
success!
success!
success!
success!
success!
success!
success!
success!
success!
success!
success!
success!
success!
success!
success!
success!
success!
success!
success!
success!
success!
success!
success!
success!
success!
success!
success!
success!
success!
success!
success!
success!
success!
success!
success!
success!
success!
success!
success!
success!
success!
success!
success!
success!
success!
success!
success!
success!
success!
success!
success!
success!
success!
success!
success!
success!
success!
success!
success!
success!
success!
success!
success!
success!
success!
success!
success!
success!
success!
success!
success!
success!
success!
success!
success!
success!
success!
success!
success!
success!
success!
success!
success!
success!
success!
success!
success!
success!
success!
success!
success!
success!
success!
success!
success!
success!
success!
success!
success!
success!
success!
success!
success!
success!
success!
success!
success!
success!
success!
success!
success!
success!
success!
success!
success!
success!
success!
success!
success!
success!
success!
success!
success!
success!
success!
success!
success!
success!
success!
success!
success!
success!
success!
success!
success!
success!
success!
success!
success!
success!
success!
success!
success!
success!
success!
success!
success!
success!
success!
success!
success!
success!
success!
success!
success!
success!
success!
success!
success!
success!
success!
success!
timestamp: 2019-02-14T09:44:09.987000
ALTER TABLE "bank" ADD "name" INTEGER REFERENCES "employee" ("id") ON DELETE CASCADE  ;
success!
success!
success!
success!
success!
success!
success!
success!
success!
success!
success!
success!
success!
success!
success!
success!
success!
success!
success!
success!
success!
success!
success!
success!
success!
success!
success!
success!
success!
success!
success!
success!
success!
success!
success!
success!
success!
success!
success!
success!
success!
success!
success!
success!
success!
success!
success!
success!
success!
success!
success!
success!
success!
success!
success!
success!
success!
success!
success!
success!
success!
success!
success!
success!
success!
success!
success!
success!
success!
success!
success!
success!
success!
success!
success!
success!
success!
success!
success!
success!
success!
success!
success!
success!
success!
success!
success!
success!
success!
success!
success!
success!
success!
success!
success!
success!
success!
success!
success!
success!
success!
success!
success!
success!
success!
success!
success!
success!
success!
success!
success!
success!
success!
success!
success!
success!
success!
success!
success!
success!
success!
success!
success!
success!
success!
success!
success!
success!
success!
success!
success!
success!
success!
success!
success!
success!
success!
success!
success!
success!
success!
success!
success!
success!
success!
success!
success!
success!
success!
success!
success!
success!
success!
success!
success!
success!
success!
success!
success!
success!
success!
success!
success!
success!
success!
success!
success!
success!
success!
success!
success!
success!
success!
success!
success!
success!
success!
success!
success!
success!
success!
success!
success!
success!
success!
success!
success!
success!
success!
success!
success!
success!
success!
success!
success!
success!
success!
success!
success!
success!
success!
success!
success!
success!
success!
success!
success!
success!
success!
success!
success!
success!
success!
success!
success!
success!
success!
success!
success!
success!
success!
success!
success!
success!
success!
success!
success!
success!
success!
success!
success!
success!
success!
success!
success!
success!
success!
success!
success!
success!
success!
success!
success!
success!
success!
success!
success!
success!
success!
success!
success!
success!
success!
success!
success!
success!
success!
success!
success!
success!
success!
success!
success!
success!
success!
success!
success!
success!
success!
success!
success!
success!
success!
success!
success!
success!
success!
success!
success!
success!
success!
success!
success!
success!
success!
success!
success!
success!
success!
success!
success!
success!
success!
success!
success!
success!
success!
success!
success!
success!
timestamp: 2019-02-14T10:21:04.612000
ALTER TABLE "remitence" ADD "name" INTEGER REFERENCES "employee" ("id") ON DELETE CASCADE  ;
success!
success!
timestamp: 2019-02-14T10:21:07.756000
ALTER TABLE "pbr" ADD "name" INTEGER REFERENCES "employee" ("id") ON DELETE CASCADE  ;
success!
timestamp: 2019-02-14T10:21:08.915000
ALTER TABLE "lve" ADD "name" INTEGER REFERENCES "employee" ("id") ON DELETE CASCADE  ;
success!
success!
success!
success!
success!
success!
success!
success!
success!
success!
success!
success!
success!
success!
success!
success!
success!
success!
success!
success!
success!
success!
success!
success!
success!
success!
success!
success!
success!
success!
success!
success!
success!
success!
success!
success!
success!
success!
success!
success!
success!
success!
success!
success!
success!
success!
success!
success!
success!
success!
success!
success!
success!
success!
success!
success!
success!
success!
success!
success!
success!
success!
success!
success!
success!
success!
success!
success!
success!
success!
success!
success!
success!
success!
success!
success!
success!
success!
success!
success!
success!
success!
success!
success!
success!
success!
success!
success!
success!
success!
success!
success!
success!
success!
success!
success!
success!
success!
success!
success!
success!
success!
success!
success!
success!
success!
success!
success!
success!
success!
success!
success!
success!
success!
success!
success!
success!
success!
success!
success!
success!
success!
success!
success!
success!
success!
success!
success!
success!
success!
success!
success!
success!
success!
success!
success!
success!
success!
success!
success!
success!
success!
success!
success!
success!
success!
success!
success!
success!
success!
success!
success!
success!
success!
success!
success!
success!
success!
success!
success!
success!
success!
success!
success!
success!
success!
success!
success!
success!
success!
success!
success!
success!
success!
success!
success!
success!
success!
success!
success!
success!
success!
success!
success!
success!
success!
success!
success!
success!
success!
success!
success!
success!
success!
success!
success!
success!
success!
success!
success!
success!
success!
success!
success!
success!
success!
success!
success!
success!
success!
success!
success!
success!
success!
success!
success!
success!
success!
success!
success!
success!
success!
success!
success!
success!
success!
success!
success!
success!
success!
success!
success!
success!
success!
success!
success!
success!
success!
success!
success!
success!
success!
success!
success!
success!
success!
success!
success!
success!
success!
success!
success!
success!
success!
success!
success!
success!
success!
success!
success!
success!
success!
success!
success!
success!
success!
success!
success!
success!
success!
success!
success!
success!
success!
success!
success!
success!
success!
success!
success!
success!
success!
success!
success!
success!
success!
success!
success!
success!
success!
success!
success!
success!
success!
success!
success!
success!
success!
success!
success!
success!
success!
success!
success!
success!
success!
success!
success!
success!
success!
success!
success!
success!
success!
success!
success!
success!
success!
success!
success!
success!
success!
success!
success!
success!
success!
success!
success!
success!
success!
success!
success!
success!
success!
success!
success!
success!
success!
success!
success!
success!
success!
success!
success!
success!
success!
success!
success!
success!
success!
success!
success!
success!
success!
success!
success!
success!
success!
success!
success!
success!
success!
success!
success!
success!
success!
success!
success!
success!
success!
success!
success!
success!
success!
success!
success!
success!
success!
success!
success!
success!
success!
success!
success!
success!
success!
success!
success!
success!
success!
success!
success!
success!
success!
success!
success!
success!
success!
success!
success!
success!
success!
success!
success!
success!
success!
success!
success!
success!
success!
success!
success!
success!
success!
success!
success!
success!
success!
success!
success!
success!
success!
success!
success!
success!
success!
success!
success!
success!
success!
success!
success!
success!
success!
success!
success!
success!
success!
success!
success!
success!
success!
success!
success!
success!
success!
success!
success!
success!
success!
success!
success!
success!
success!
success!
success!
success!
success!
success!
success!
success!
success!
success!
success!
success!
success!
success!
success!
success!
success!
success!
success!
success!
success!
success!
success!
success!
success!
success!
success!
success!
success!
success!
success!
success!
success!
success!
success!
success!
success!
success!
success!
success!
success!
success!
success!
success!
success!
success!
success!
success!
success!
success!
success!
success!
success!
success!
success!
success!
success!
success!
success!
success!
success!
success!
success!
success!
success!
success!
success!
success!
success!
success!
success!
success!
success!
success!
success!
success!
success!
success!
success!
success!
success!
success!
success!
success!
success!
success!
success!
success!
success!
success!
success!
success!
success!
success!
success!
success!
success!
success!
success!
success!
success!
success!
success!
success!
success!
success!
success!
success!
success!
success!
success!
success!
success!
timestamp: 2019-02-14T11:40:59.933000
ALTER TABLE "employee" ADD "vid" CHAR(512);
timestamp: 2019-02-14T11:41:01
ALTER TABLE "employee" ADD "relig" CHAR(512);
timestamp: 2019-02-14T11:41:01.077000
ALTER TABLE "employee" ADD "bg" CHAR(512);
timestamp: 2019-02-14T11:41:01.372000
ALTER TABLE "employee" ADD "mob" CHAR(512);
timestamp: 2019-02-14T11:41:02.252000
ALTER TABLE "employee" ADD "caste" CHAR(512);
success!
success!
success!
success!
success!
success!
success!
success!
success!
success!
success!
success!
success!
success!
success!
success!
success!
success!
success!
success!
success!
success!
success!
success!
success!
success!
success!
success!
success!
success!
success!
success!
success!
success!
success!
success!
success!
success!
success!
success!
success!
success!
success!
success!
success!
success!
success!
success!
success!
success!
success!
success!
success!
success!
success!
success!
success!
success!
success!
success!
success!
success!
success!
success!
success!
success!
success!
success!
success!
success!
success!
success!
success!
success!
success!
success!
success!
success!
success!
success!
success!
success!
success!
success!
success!
success!
success!
success!
success!
success!
success!
success!
success!
success!
success!
success!
success!
success!
success!
success!
success!
success!
success!
success!
success!
success!
success!
success!
success!
success!
success!
success!
success!
success!
success!
success!
success!
success!
success!
success!
success!
success!
success!
success!
success!
success!
success!
success!
success!
success!
success!
success!
success!
success!
success!
success!
success!
success!
success!
success!
success!
success!
success!
success!
success!
success!
success!
success!
success!
success!
success!
success!
success!
success!
success!
success!
success!
success!
success!
success!
success!
success!
success!
success!
success!
success!
success!
success!
success!
success!
success!
success!
success!
success!
success!
success!
success!
success!
success!
success!
success!
success!
success!
success!
success!
success!
success!
success!
success!
success!
success!
success!
success!
success!
success!
success!
success!
success!
success!
success!
success!
success!
success!
success!
success!
success!
success!
success!
success!
success!
success!
success!
success!
success!
success!
success!
success!
success!
success!
success!
success!
success!
success!
success!
success!
success!
success!
success!
success!
success!
success!
success!
success!
success!
success!
success!
success!
success!
success!
success!
success!
success!
success!
success!
success!
success!
success!
success!
success!
success!
success!
success!
success!
success!
success!
success!
success!
success!
success!
success!
success!
success!
success!
success!
success!
success!
success!
success!
success!
success!
success!
success!
success!
success!
success!
success!
success!
success!
success!
success!
success!
success!
success!
success!
success!
success!
success!
success!
success!
success!
success!
success!
success!
success!
success!
success!
success!
success!
success!
success!
success!
success!
success!
success!
success!
success!
success!
success!
success!
success!
success!
success!
success!
success!
success!
success!
success!
success!
success!
success!
success!
success!
success!
success!
success!
success!
success!
success!
success!
success!
success!
success!
success!
success!
success!
success!
success!
success!
success!
success!
success!
success!
success!
success!
success!
success!
success!
success!
success!
success!
success!
success!
success!
success!
success!
success!
success!
success!
success!
success!
success!
success!
success!
success!
success!
success!
success!
success!
success!
success!
success!
success!
success!
success!
success!
success!
success!
success!
success!
success!
success!
success!
success!
success!
success!
success!
success!
success!
success!
success!
success!
success!
success!
success!
success!
success!
success!
success!
success!
success!
success!
success!
success!
success!
success!
success!
success!
success!
success!
success!
success!
success!
success!
success!
success!
success!
success!
success!
success!
success!
success!
success!
success!
success!
success!
success!
success!
success!
success!
success!
success!
success!
success!
success!
success!
success!
success!
success!
success!
success!
success!
success!
success!
success!
success!
success!
success!
success!
success!
success!
success!
success!
success!
success!
success!
success!
success!
success!
success!
success!
success!
success!
success!
success!
success!
success!
success!
success!
success!
success!
success!
success!
success!
success!
success!
success!
success!
success!
success!
success!
success!
success!
success!
success!
success!
success!
success!
success!
success!
success!
success!
success!
success!
success!
success!
success!
success!
success!
success!
success!
success!
success!
success!
success!
success!
success!
success!
success!
success!
success!
success!
success!
success!
success!
success!
success!
success!
success!
success!
success!
success!
timestamp: 2019-02-15T10:13:37.153000
ALTER TABLE "remitence" ADD "amount" INTEGER;
success!
timestamp: 2019-02-15T10:13:38.338000
ALTER TABLE "bank" ADD "achname" CHAR(512);
success!
success!
success!
success!
success!
success!
success!
success!
success!
success!
success!
success!
success!
success!
success!
success!
success!
success!
success!
success!
success!
success!
success!
success!
success!
success!
success!
success!
success!
success!
success!
success!
success!
success!
success!
success!
success!
success!
success!
success!
success!
success!
success!
success!
success!
success!
success!
success!
success!
success!
success!
success!
success!
success!
success!
success!
success!
success!
success!
success!
success!
success!
success!
success!
success!
success!
success!
success!
success!
success!
success!
success!
success!
success!
success!
success!
success!
success!
success!
success!
success!
success!
success!
success!
success!
success!
success!
success!
success!
success!
success!
success!
success!
success!
success!
success!
success!
success!
timestamp: 2019-02-15T10:27:42.119000
ALTER TABLE "employee" ADD "category" CHAR(512);
timestamp: 2019-02-15T10:27:42.693000
ALTER TABLE "employee" ADD "religion" CHAR(512);
timestamp: 2019-02-15T10:27:42.968000
ALTER TABLE "employee" ADD "bldg" CHAR(512);
success!
success!
timestamp: 2019-02-15T10:27:45.939000
ALTER TABLE "bank" ADD "aadhaar" CHAR(512);
success!
timestamp: 2019-02-15T10:27:46.837000
ALTER TABLE "pbr" ADD "fldr" INTEGER;
timestamp: 2019-02-15T10:27:46.898000
ALTER TABLE "pbr" ADD "incometax" INTEGER;
timestamp: 2019-02-15T10:27:48.935000
ALTER TABLE "pbr" ADD "houserent" INTEGER;
timestamp: 2019-02-15T10:27:49.158000
ALTER TABLE "pbr" ADD "officiatepay" CHAR(512);
success!
success!
success!
success!
success!
success!
success!
success!
success!
success!
success!
success!
success!
success!
success!
success!
success!
success!
success!
success!
success!
success!
success!
success!
success!
success!
success!
success!
success!
success!
success!
success!
success!
success!
success!
success!
success!
success!
success!
success!
success!
success!
success!
success!
success!
success!
success!
timestamp: 2019-02-15T10:36:55.557000
ALTER TABLE "employee" ADD "plino" INTEGER;
timestamp: 2019-02-15T10:36:55.650000
ALTER TABLE "employee" ADD "serviceverified" CHAR(512);
timestamp: 2019-02-15T10:36:55.984000
ALTER TABLE "employee" ADD "gpfaccno" INTEGER;
timestamp: 2019-02-15T10:36:56.064000
ALTER TABLE "employee" ADD "maritalstatus" CHAR(512);
timestamp: 2019-02-15T10:36:56.522000
ALTER TABLE "employee" ADD "fpsno" INTEGER;
timestamp: 2019-02-15T10:36:56.624000
ALTER TABLE "employee" ADD "bloodgroup" CHAR(512);
timestamp: 2019-02-15T10:36:56.837000
ALTER TABLE "employee" ADD "slino" INTEGER;
timestamp: 2019-02-15T10:36:57.714000
ALTER TABLE "employee" ADD "scaleofpay" CHAR(512);
timestamp: 2019-02-15T10:36:57.806000
ALTER TABLE "employee" ADD "licno" INTEGER;
timestamp: 2019-02-15T10:36:57.878000
ALTER TABLE "employee" ADD "curntbasicpay" INTEGER;
timestamp: 2019-02-15T10:36:57.945000
ALTER TABLE "employee" ADD "voterid" CHAR(512);
success!
timestamp: 2019-02-15T10:37:01.112000
ALTER TABLE "remitence" ADD "chqno" INTEGER;
timestamp: 2019-02-15T10:37:01.330000
ALTER TABLE "remitence" ADD "chqdetails" CHAR(512);
timestamp: 2019-02-15T10:37:01.413000
ALTER TABLE "remitence" ADD "chqd" DATE;
timestamp: 2019-02-15T10:37:01.485000
ALTER TABLE "remitence" ADD "amtdbt" INTEGER;
success!
timestamp: 2019-02-15T10:37:01.956000
ALTER TABLE "bank" ADD "acchldname" CHAR(512);
success!
timestamp: 2019-02-15T10:37:03.119000
ALTER TABLE "pbr" ADD "ttlddn" INTEGER;
timestamp: 2019-02-15T10:37:03.602000
ALTER TABLE "pbr" ADD "substanpay" INTEGER;
timestamp: 2019-02-15T10:37:03.865000
ALTER TABLE "pbr" ADD "evnt" CHAR(512);
timestamp: 2019-02-15T10:37:03.956000
ALTER TABLE "pbr" ADD "mnthandyear" DATE;
timestamp: 2019-02-15T10:37:04.030000
ALTER TABLE "pbr" ADD "accdetails" CHAR(512);
timestamp: 2019-02-15T10:37:04.104000
ALTER TABLE "pbr" ADD "festallow" INTEGER;
timestamp: 2019-02-15T10:37:04.318000
ALTER TABLE "pbr" ADD "netpay" INTEGER;
timestamp: 2019-02-15T10:37:04.941000
ALTER TABLE "pbr" ADD "gpfadv" INTEGER;
timestamp: 2019-02-15T10:37:05.188000
ALTER TABLE "pbr" ADD "lvesalry" INTEGER;
timestamp: 2019-02-15T10:37:05.276000
ALTER TABLE "pbr" ADD "housebld" INTEGER;
timestamp: 2019-02-15T10:37:05.363000
ALTER TABLE "pbr" ADD "grsstotl" INTEGER;
timestamp: 2019-02-15T10:37:05.563000
ALTER TABLE "pbr" ADD "spclalwnc" INTEGER;
timestamp: 2019-02-15T10:37:05.805000
ALTER TABLE "pbr" ADD "fldrf" INTEGER;
success!
timestamp: 2019-02-15T10:37:09.551000
ALTER TABLE "lve" ADD "todate" DATE;
timestamp: 2019-02-15T10:37:09.802000
ALTER TABLE "lve" ADD "frmdate" DATE;
timestamp: 2019-02-15T10:37:09.901000
ALTER TABLE "lve" ADD "ttllvs" INTEGER;
timestamp: 2019-02-15T10:37:09.977000
ALTER TABLE "lve" ADD "lveid" INTEGER;
timestamp: 2019-02-15T10:37:10.093000
ALTER TABLE "lve" ADD "applydate" DATE;
success!
success!
success!
success!
success!
success!
success!
success!
success!
success!
success!
success!
success!
success!
success!
success!
success!
success!
success!
success!
success!
success!
success!
success!
success!
success!
success!
success!
success!
success!
success!
success!
success!
success!
success!
success!
success!
success!
success!
success!
success!
success!
success!
success!
success!
success!
success!
success!
success!
success!
success!
success!
success!
success!
success!
success!
success!
success!
success!
success!
success!
success!
success!
success!
success!
success!
success!
success!
success!
success!
success!
success!
success!
success!
success!
success!
success!
success!
success!
success!
success!
success!
success!
success!
success!
success!
success!
success!
success!
success!
success!
success!
success!
success!
success!
success!
success!
success!
success!
success!
success!
success!
success!
success!
success!
success!
success!
success!
success!
success!
success!
success!
success!
success!
success!
success!
success!
success!
success!
success!
success!
success!
success!
success!
success!
success!
success!
success!
success!
success!
success!
success!
success!
success!
success!
success!
success!
success!
success!
success!
success!
success!
success!
success!
success!
success!
success!
success!
success!
success!
success!
success!
success!
success!
success!
success!
success!
success!
success!
success!
success!
success!
success!
success!
success!
success!
success!
success!
success!
success!
success!
success!
success!
success!
success!
success!
success!
success!
success!
success!
success!
success!
success!
success!
success!
success!
success!
success!
success!
success!
success!
success!
success!
success!
success!
success!
success!
success!
success!
success!
success!
success!
success!
success!
success!
success!
success!
success!
success!
success!
success!
success!
success!
success!
success!
success!
success!
success!
success!
success!
success!
success!
success!
success!
success!
success!
success!
success!
success!
success!
success!
success!
success!
success!
success!
success!
success!
success!
success!
success!
success!
success!
success!
success!
success!
success!
success!
success!
success!
success!
success!
success!
success!
success!
success!
success!
success!
success!
success!
success!
success!
success!
success!
success!
success!
success!
success!
success!
success!
success!
success!
success!
success!
success!
success!
success!
success!
success!
success!
success!
success!
success!
success!
success!
success!
success!
success!
success!
success!
success!
success!
success!
success!
success!
success!
success!
success!
success!
success!
success!
success!
success!
success!
success!
success!
success!
