[2019-02-14 10:44:16] START
[2019-02-14 10:44:16] EDIT welcome/models/db.py: 0
[2019-02-14 10:45:06] EDIT welcome/models/db.py: 0
[2019-02-22 11:38:15] EDIT iPayMaster/models/menu.py: -91
[2019-02-22 11:41:09] EDIT iPayMaster/views/layout.html: 0
[2019-02-22 11:42:11] EDIT iPayMaster/views/default/index.html: -27
[2019-02-22 11:43:13] EDIT iPayMaster/views/default/index.html: -3
[2019-02-22 11:43:37] EDIT iPayMaster/views/default/index.html: 0
[2019-02-22 11:45:00] EDIT iPayMaster/views/default/index.html: 1
[2019-02-22 11:45:38] EDIT iPayMaster/views/default/index.html: -2
[2019-02-22 11:46:07] EDIT iPayMaster/controllers/default.py: 1
[2019-02-22 11:46:56] EDIT iPayMaster/controllers/default.py: 0
[2019-02-22 11:48:41] EDIT iPayMaster/views/default/index.html: 2
[2019-02-22 11:49:16] EDIT iPayMaster/views/default/index.html: 2
[2019-02-22 11:49:19] EDIT iPayMaster/views/default/index.html: 0
[2019-02-22 12:00:29] CREATE db1.py: 0
[2019-02-22 12:01:08] EDIT iPayMaster/models/db1.py: 109
[2019-02-22 12:07:29] EDIT iPayMaster/models/db1.py: 0
[2019-02-22 12:07:34] EDIT iPayMaster/models/db1.py: 0
[2019-02-22 12:07:35] EDIT iPayMaster/models/db1.py: 0
[2019-02-22 12:10:17] EDIT iPayMaster/models/db1.py: 0
[2019-02-22 12:18:15] EDIT iPayMaster/models/db1.py: 0
[2019-02-22 12:20:14] CREATE form.py: 0
[2019-02-22 14:50:17] EDIT iPayMaster/views/layout.html: 0
[2019-02-22 15:01:13] EDIT iPayMaster/controllers/form.py: -1
[2019-02-22 15:01:46] EDIT iPayMaster/views/layout.html: 0
[2019-02-22 15:12:59] EDIT iPayMaster/models/menu.py: 4
[2019-02-22 15:15:05] EDIT iPayMaster/controllers/form.py: 18
[2019-02-22 15:16:08] CREATE form/bank.html: 0
[2019-02-22 15:16:22] CREATE form/designations.html: 0
[2019-02-22 15:16:35] CREATE form/employees.html: 0
[2019-02-22 15:16:54] CREATE form/leaves.html: 0
[2019-02-22 15:17:14] EDIT iPayMaster/controllers/form.py: 0
[2019-02-22 15:17:31] CREATE form/pbr.html: 0
[2019-02-22 15:18:58] CREATE form/remitence.html: 0
[2019-02-22 15:20:23] EDIT iPayMaster/models/menu.py: 0
[2019-02-22 15:20:33] EDIT iPayMaster/models/menu.py: 0
[2019-02-22 15:20:48] EDIT iPayMaster/controllers/form.py: 0
[2019-02-22 15:20:59] DELETE iPayMaster/views/form/pbr.html: -3
[2019-02-22 15:21:09] CREATE form/salaries.html: 0
[2019-02-22 15:21:25] EDIT iPayMaster/controllers/form.py: 0
[2019-02-22 15:22:13] EDIT iPayMaster/views/form/designations.html: -1
[2019-02-22 15:23:29] EDIT iPayMaster/views/form/employees.html: -1
[2019-02-22 15:24:02] EDIT iPayMaster/views/form/leaves.html: -1
[2019-02-22 15:24:31] EDIT iPayMaster/views/form/salaries.html: -1
[2019-02-22 15:25:06] EDIT iPayMaster/views/form/remitence.html: -1
[2019-02-22 15:25:43] EDIT iPayMaster/views/form/bank.html: -1
[2019-02-23 09:36:16] EDIT iPayMaster/views/layout.html: -1
[2019-02-23 09:50:15] EDIT iPayMaster/controllers/default.py: -1
[2019-02-23 10:07:45] EDIT iPayMaster/views/layout.html: 0
[2019-02-23 10:08:01] EDIT iPayMaster/views/layout.html: -3
[2019-02-23 14:02:17] EDIT iPayMaster/views/layout.html: 0
[2019-02-23 14:02:46] EDIT iPayMaster/views/layout.html: 0
[2019-02-23 14:10:49] EDIT iPayMaster/views/default/index.html: 0
[2019-02-23 14:11:06] EDIT iPayMaster/views/default/index.html: 0
[2019-02-23 14:11:21] EDIT iPayMaster/views/default/index.html: 0
[2019-02-23 14:19:00] EDIT iPayMaster/views/default/index.html: 0
[2019-02-23 14:19:47] EDIT iPayMaster/views/default/index.html: 0
[2019-02-23 14:27:52] EDIT iPayMaster/views/default/index.html: 0
[2019-02-23 14:28:06] EDIT iPayMaster/views/default/index.html: 0
[2019-02-23 15:09:31] EDIT iPayMaster/views/layout.html: 2
[2019-02-23 15:11:08] EDIT iPayMaster/views/layout.html: 0
[2019-02-23 15:11:08] EDIT iPayMaster/views/layout.html: 0
[2019-02-23 15:11:09] EDIT iPayMaster/views/layout.html: 0
[2019-02-24 10:09:54] EDIT iPayMaster/views/layout.html: 1
[2019-02-24 10:12:07] EDIT iPayMaster/views/layout.html: 2
[2019-02-24 10:17:55] EDIT iPayMaster/views/layout.html: 0
[2019-02-24 10:22:43] EDIT iPayMaster/views/layout.html: 2
[2019-02-24 10:24:01] EDIT iPayMaster/views/layout.html: 0
[2019-02-24 10:26:38] EDIT iPayMaster/views/layout.html: 2
[2019-02-24 10:27:24] EDIT iPayMaster/views/layout.html: 0
[2019-02-24 10:28:44] EDIT iPayMaster/views/layout.html: -2
[2019-02-24 10:29:18] EDIT iPayMaster/views/layout.html: 0
[2019-02-24 10:30:43] EDIT iPayMaster/views/layout.html: -5
[2019-02-24 10:31:08] EDIT iPayMaster/views/default/index.html: 5
[2019-02-24 10:35:40] EDIT iPayMaster/models/db1.py: 0
[2019-02-24 11:09:53] EDIT iPayMaster/views/layout.html: 0
[2019-02-24 11:13:53] EDIT iPayMaster/views/layout.html: 0
[2019-02-24 11:13:54] EDIT iPayMaster/views/layout.html: 0
[2019-02-24 16:45:49] EDIT iPayMaster/models/db1.py: 0
[2019-02-24 17:49:05] EDIT iPayMaster/controllers/form.py: 3
[2019-02-24 17:51:21] EDIT iPayMaster/controllers/form.py: 6
[2019-02-24 17:53:16] EDIT iPayMaster/controllers/form.py: 0
[2019-02-24 17:53:53] CREATE form/salaryhistories.html: 0
[2019-02-24 17:54:11] EDIT iPayMaster/views/form/salaryhistories.html: -1
[2019-02-24 17:54:42] CREATE form/salaryheads.html: 0
[2019-02-24 17:55:11] EDIT iPayMaster/views/form/salaryheads.html: -1
[2019-02-24 17:55:44] CREATE form/statuses.html: 0
[2019-02-24 17:56:04] EDIT iPayMaster/views/form/statuses.html: -1
[2019-02-24 18:09:25] EDIT iPayMaster/models/menu.py: 15
[2019-02-24 18:21:17] EDIT iPayMaster/models/menu.py: 0
[2019-02-24 18:22:01] EDIT iPayMaster/models/menu.py: 0
[2019-02-24 18:26:04] EDIT iPayMaster/models/menu.py: 0
[2019-02-24 18:31:54] EDIT iPayMaster/models/db1.py: 0
[2019-02-24 18:33:08] EDIT iPayMaster/models/db1.py: 0
[2019-02-25 09:13:09] EDIT iPayMaster/controllers/form.py: 0
[2019-02-26 09:35:39] EDIT iPayMaster/models/db1.py: 0
[2019-02-26 10:03:32] EDIT iPayMaster/models/menu.py: 0
[2019-02-26 10:03:46] EDIT iPayMaster/models/menu.py: 0
[2019-02-26 10:03:47] EDIT iPayMaster/models/menu.py: 0
[2019-02-26 10:11:44] EDIT iPayMaster/models/db1.py: 0
[2019-02-26 10:22:15] EDIT iPayMaster/models/db1.py: 0
[2019-02-26 10:22:49] EDIT iPayMaster/models/db1.py: 0
[2019-02-26 10:28:57] EDIT iPayMaster/models/db1.py: -1
[2019-02-26 10:37:17] CREATE captcha.py: 0
[2019-02-26 10:37:37] EDIT iPayMaster/models/captcha.py: 6
[2019-02-26 10:45:46] EDIT iPayMaster/controllers/default.py: 1
[2019-02-26 10:47:46] DELETE iPayMaster/models/captcha.py: -6
[2019-02-26 10:48:09] EDIT iPayMaster/controllers/default.py: -1
[2019-02-26 10:57:26] EDIT iPayMaster/views/layout.html: 0
[2019-02-26 10:57:56] EDIT iPayMaster/views/layout.html: 0
[2019-02-26 10:58:07] EDIT iPayMaster/views/layout.html: 0
[2019-02-26 10:58:34] EDIT iPayMaster/views/layout.html: 0
[2019-02-26 10:59:21] EDIT iPayMaster/views/layout.html: 0
[2019-02-26 10:59:39] EDIT iPayMaster/views/layout.html: 0
[2019-02-26 11:07:21] EDIT iPayMaster/views/layout.html: 0
[2019-02-26 11:07:48] EDIT iPayMaster/views/layout.html: 0
[2019-02-26 11:10:07] EDIT iPayMaster/views/default/index.html: 0
[2019-02-26 11:10:24] EDIT iPayMaster/views/default/index.html: 0
[2019-02-26 11:10:40] EDIT iPayMaster/views/default/index.html: 0
[2019-02-26 11:11:13] EDIT iPayMaster/views/default/index.html: 0
[2019-02-26 11:11:31] EDIT iPayMaster/views/default/index.html: 0
[2019-02-26 11:12:32] EDIT iPayMaster/views/default/index.html: 0
[2019-02-26 11:13:11] EDIT iPayMaster/views/default/index.html: 0
[2019-02-26 11:13:43] EDIT iPayMaster/views/default/index.html: 0
[2019-02-26 11:14:12] EDIT iPayMaster/views/default/index.html: 0
[2019-02-26 11:25:03] EDIT iPayMaster/views/layout.html: 0
[2019-02-26 11:25:26] EDIT iPayMaster/views/layout.html: 0
[2019-02-26 11:29:27] EDIT iPayMaster/models/db1.py: 0
[2019-02-26 11:30:22] EDIT iPayMaster/models/db1.py: 0
[2019-02-26 11:45:49] EDIT iPayMaster/models/db1.py: 0
[2019-02-26 12:15:05] EDIT iPayMaster/models/db1.py: 0
[2019-02-26 12:17:27] EDIT iPayMaster/models/db1.py: 0
[2019-02-26 13:51:25] EDIT iPayMaster/views/layout.html: 0
[2019-02-26 13:51:47] EDIT iPayMaster/views/layout.html: 0
[2019-02-26 14:18:05] EDIT iPayMaster/models/db1.py: 1
[2019-02-26 14:18:59] EDIT iPayMaster/models/db1.py: 0
[2019-02-26 14:28:22] EDIT iPayMaster/models/db1.py: 0
[2019-02-26 14:29:31] EDIT iPayMaster/models/db1.py: 0
[2019-02-26 14:29:31] EDIT iPayMaster/models/db1.py: 0
[2019-02-26 14:29:32] EDIT iPayMaster/models/db1.py: 0
[2019-02-26 14:29:32] EDIT iPayMaster/models/db1.py: 0
[2019-02-26 14:29:32] EDIT iPayMaster/models/db1.py: 0
[2019-02-26 14:43:36] EDIT iPayMaster/models/db1.py: 1
[2019-02-26 14:51:55] EDIT iPayMaster/controllers/form.py: 4
[2019-02-26 14:52:05] EDIT iPayMaster/controllers/form.py: 0
[2019-02-26 14:52:34] CREATE form/salaryhistemp.html: 0
[2019-02-26 14:53:00] EDIT iPayMaster/views/form/salaryhistemp.html: -1
[2019-02-26 14:53:23] EDIT iPayMaster/views/form/salaryhistemp.html: 0
[2019-02-26 14:59:09] EDIT iPayMaster/controllers/form.py: 0
[2019-02-26 15:00:34] EDIT iPayMaster/controllers/form.py: 0
[2019-02-26 15:02:30] EDIT iPayMaster/controllers/form.py: 0
[2019-02-26 15:05:49] EDIT iPayMaster/controllers/form.py: 0
[2019-02-26 15:22:38] EDIT iPayMaster/controllers/form.py: 1
[2019-02-26 15:24:18] EDIT iPayMaster/views/form/salaryhistemp.html: 0
[2019-02-26 15:27:53] EDIT iPayMaster/controllers/form.py: 0
[2019-02-26 15:30:03] EDIT iPayMaster/views/form/salaryhistemp.html: 3
[2019-02-26 15:31:06] EDIT iPayMaster/controllers/form.py: -1
[2019-02-26 15:31:25] EDIT iPayMaster/views/form/salaryhistemp.html: -2
[2019-02-26 15:55:30] EDIT iPayMaster/controllers/form.py: 0
[2019-02-26 15:56:14] EDIT iPayMaster/controllers/form.py: 0
[2019-02-26 15:56:49] EDIT iPayMaster/controllers/form.py: 0
[2019-02-26 15:56:55] EDIT iPayMaster/controllers/form.py: 0
[2019-02-26 15:58:45] EDIT iPayMaster/controllers/form.py: 0
[2019-02-26 15:59:57] EDIT iPayMaster/controllers/form.py: 0
[2019-02-26 16:03:42] EDIT iPayMaster/controllers/form.py: 1
[2019-02-26 16:07:39] EDIT iPayMaster/controllers/form.py: 0
[2019-02-26 16:08:33] EDIT iPayMaster/controllers/form.py: 0
[2019-02-26 16:09:48] EDIT iPayMaster/controllers/form.py: 0
[2019-02-27 10:05:28] EDIT iPayMaster/controllers/form.py: -1
[2019-02-27 10:15:19] EDIT iPayMaster/models/menu.py: 3
[2019-02-27 10:21:39] EDIT iPayMaster/controllers/form.py: 3
[2019-02-27 10:44:09] EDIT iPayMaster/controllers/form.py: 16
[2019-02-27 10:45:00] CREATE form/paybillgenarator.html: 0
[2019-02-27 10:45:16] EDIT iPayMaster/views/form/paybillgenarator.html: -1
[2019-02-27 10:50:51] EDIT iPayMaster/controllers/form.py: 6
[2019-02-27 10:58:31] EDIT iPayMaster/controllers/form.py: 0
[2019-02-27 10:59:20] EDIT iPayMaster/controllers/form.py: 0
[2019-02-27 11:01:43] EDIT iPayMaster/controllers/form.py: 0
[2019-02-27 11:02:00] EDIT iPayMaster/controllers/form.py: 0
[2019-02-27 11:02:05] EDIT iPayMaster/controllers/form.py: 0
[2019-02-27 11:02:07] EDIT iPayMaster/controllers/form.py: 0
[2019-02-27 11:02:07] EDIT iPayMaster/controllers/form.py: 0
[2019-02-27 11:02:10] EDIT iPayMaster/controllers/form.py: 0
[2019-02-27 11:02:16] EDIT iPayMaster/controllers/form.py: 0
[2019-02-27 11:15:26] EDIT iPayMaster/controllers/form.py: -1
[2019-02-27 11:19:20] EDIT iPayMaster/controllers/form.py: -1
[2019-02-27 11:19:32] EDIT iPayMaster/controllers/form.py: 0
[2019-02-27 11:19:54] EDIT iPayMaster/controllers/form.py: -1
[2019-02-27 11:22:03] EDIT iPayMaster/controllers/form.py: 0
[2019-02-27 11:23:50] EDIT iPayMaster/controllers/form.py: 0
[2019-02-27 11:32:42] EDIT iPayMaster/controllers/form.py: 5
[2019-02-27 11:33:38] EDIT iPayMaster/models/menu.py: 0
[2019-02-27 11:35:11] EDIT iPayMaster/models/menu.py: 0
[2019-02-27 11:37:55] EDIT iPayMaster/controllers/form.py: 0
[2019-02-27 11:38:51] EDIT iPayMaster/controllers/form.py: 0
[2019-02-27 11:44:26] EDIT iPayMaster/controllers/form.py: -1
[2019-02-27 11:45:56] EDIT iPayMaster/controllers/form.py: 0
[2019-02-27 11:47:38] EDIT iPayMaster/controllers/form.py: 1
[2019-02-27 11:49:36] EDIT iPayMaster/controllers/form.py: 0
[2019-02-27 11:51:38] EDIT iPayMaster/controllers/form.py: 4
[2019-02-27 11:51:39] EDIT iPayMaster/controllers/form.py: 0
[2019-02-27 11:51:39] EDIT iPayMaster/controllers/form.py: 0
[2019-02-27 11:52:48] EDIT iPayMaster/controllers/form.py: 4
[2019-02-27 11:54:57] EDIT iPayMaster/controllers/form.py: 0
[2019-02-27 11:55:39] EDIT iPayMaster/controllers/form.py: 0
[2019-02-27 11:57:14] EDIT iPayMaster/controllers/form.py: 0
[2019-02-27 11:59:38] EDIT iPayMaster/controllers/form.py: 0
[2019-02-27 12:01:10] EDIT iPayMaster/controllers/form.py: 0
[2019-02-27 12:08:23] EDIT iPayMaster/controllers/form.py: 0
[2019-02-27 12:14:31] EDIT iPayMaster/controllers/form.py: 0
[2019-02-27 12:14:57] EDIT iPayMaster/controllers/form.py: 0
[2019-02-27 12:15:20] EDIT iPayMaster/controllers/form.py: 0
[2019-02-27 12:16:08] CREATE process.py: 0
[2019-02-27 12:17:11] EDIT iPayMaster/controllers/process.py: 1
[2019-02-27 12:18:50] EDIT iPayMaster/controllers/form.py: 0
[2019-02-27 12:18:56] EDIT iPayMaster/controllers/form.py: 0
[2019-02-27 12:21:03] EDIT iPayMaster/controllers/form.py: 1
[2019-02-27 12:30:17] EDIT iPayMaster/controllers/form.py: 0
[2019-02-27 12:31:30] EDIT iPayMaster/controllers/form.py: 0
[2019-02-27 12:32:03] EDIT iPayMaster/controllers/form.py: 0
[2019-02-27 12:33:36] EDIT iPayMaster/controllers/form.py: -4
[2019-02-27 12:37:24] EDIT iPayMaster/controllers/form.py: 0
[2019-02-27 12:38:07] EDIT iPayMaster/controllers/form.py: -8
[2019-02-27 12:39:50] EDIT iPayMaster/controllers/form.py: 0
[2019-02-27 13:43:40] EDIT iPayMaster/controllers/process.py: 1
[2019-02-27 13:44:59] EDIT iPayMaster/controllers/process.py: 1
[2019-02-27 13:45:04] EDIT iPayMaster/controllers/process.py: 0
[2019-02-27 13:45:16] EDIT iPayMaster/controllers/process.py: 0
[2019-02-27 13:45:29] EDIT iPayMaster/controllers/process.py: 0
[2019-02-27 13:46:15] CREATE process/genaratebill.html: 0
[2019-02-27 13:46:41] EDIT iPayMaster/views/process/genaratebill.html: -1
[2019-02-27 13:49:17] EDIT iPayMaster/views/process/genaratebill.html: 2
[2019-02-27 13:50:20] EDIT iPayMaster/controllers/process.py: 0
[2019-02-27 13:51:05] EDIT iPayMaster/views/process/genaratebill.html: 0
[2019-02-27 13:52:04] EDIT iPayMaster/controllers/process.py: 0
[2019-02-27 13:55:18] EDIT iPayMaster/controllers/form.py: 0
[2019-02-27 13:55:43] EDIT iPayMaster/controllers/process.py: 0
[2019-02-27 14:01:36] EDIT iPayMaster/controllers/process.py: 0
[2019-02-27 14:02:21] EDIT iPayMaster/views/process/genaratebill.html: 0
[2019-02-27 14:05:49] EDIT iPayMaster/views/form/paybillgenarator.html: 0
[2019-02-27 14:06:11] EDIT iPayMaster/views/form/paybillgenarator.html: 0
[2019-02-27 14:09:16] EDIT iPayMaster/controllers/form.py: 0
[2019-02-27 14:12:12] EDIT iPayMaster/controllers/form.py: 0
[2019-02-27 14:12:45] EDIT iPayMaster/controllers/process.py: 0
[2019-02-27 14:13:20] DELETE iPayMaster/views/form/paybillgenarator.html: -2
[2019-02-27 14:13:35] CREATE form/payillgenerator.html: 0
[2019-02-27 14:13:46] DELETE iPayMaster/views/form/payillgenerator.html: -3
[2019-02-27 14:14:09] CREATE form/paybillgenerator.html: 0
[2019-02-27 14:14:20] EDIT iPayMaster/views/form/paybillgenerator.html: -1
[2019-02-27 14:15:02] DELETE iPayMaster/views/process/genaratebill.html: -4
[2019-02-27 14:15:17] CREATE process/generatebill.html: 0
[2019-02-27 14:15:29] EDIT iPayMaster/views/process/generatebill.html: 1
[2019-02-27 14:17:58] EDIT iPayMaster/views/form/paybillgenerator.html: 0
[2019-02-27 14:18:31] EDIT iPayMaster/views/process/generatebill.html: 0
[2019-02-27 14:19:22] EDIT iPayMaster/controllers/process.py: 0
[2019-02-27 14:21:04] EDIT iPayMaster/controllers/process.py: 0
[2019-02-27 14:21:32] EDIT iPayMaster/controllers/process.py: 0
[2019-02-27 14:24:39] EDIT iPayMaster/controllers/form.py: 1
[2019-02-27 14:24:45] EDIT iPayMaster/controllers/form.py: 0
[2019-02-27 14:25:22] EDIT iPayMaster/controllers/form.py: -1
[2019-02-27 14:28:49] EDIT iPayMaster/controllers/process.py: 0
[2019-02-27 14:29:50] EDIT iPayMaster/models/menu.py: 0
[2019-02-27 14:31:50] EDIT iPayMaster/controllers/form.py: -18
[2019-02-27 14:34:39] EDIT iPayMaster/controllers/form.py: 18
[2019-02-27 14:35:33] EDIT iPayMaster/controllers/form.py: 0
[2019-02-27 14:35:33] EDIT iPayMaster/controllers/form.py: 0
[2019-02-27 14:35:33] EDIT iPayMaster/controllers/form.py: 0
[2019-02-27 14:35:33] EDIT iPayMaster/controllers/form.py: 0
[2019-02-27 14:36:50] EDIT iPayMaster/controllers/process.py: -4
[2019-02-27 14:36:59] EDIT iPayMaster/controllers/process.py: 4
[2019-02-27 14:39:15] EDIT iPayMaster/controllers/process.py: 0
[2019-02-27 14:40:37] EDIT iPayMaster/controllers/form.py: 0
[2019-02-27 14:40:59] EDIT iPayMaster/controllers/process.py: 0
[2019-02-27 14:41:34] EDIT iPayMaster/views/process/generatebill.html: 1
[2019-02-27 14:43:36] EDIT iPayMaster/controllers/form.py: 0
[2019-02-27 14:49:45] EDIT iPayMaster/controllers/process.py: 0
[2019-02-27 14:50:04] EDIT iPayMaster/controllers/process.py: 0
[2019-02-27 14:55:53] EDIT iPayMaster/controllers/form.py: 0
[2019-02-27 14:56:22] EDIT iPayMaster/controllers/process.py: 2
[2019-02-27 14:59:50] DELETE iPayMaster/controllers/process.py: -6
[2019-02-27 14:59:56] DELETE iPayMaster/views/process/generatebill.html: -5
[2019-02-27 15:01:09] CREATE process.py: 0
[2019-02-27 15:04:00] EDIT iPayMaster/controllers/process.py: 3
[2019-02-27 15:04:38] CREATE process/billslip.html: 0
[2019-02-27 15:05:01] EDIT iPayMaster/views/process/billslip.html: -1
[2019-02-27 15:08:20] EDIT iPayMaster/controllers/form.py: 0
[2019-02-27 15:14:03] EDIT iPayMaster/controllers/form.py: 0
[2019-02-27 15:16:03] EDIT iPayMaster/controllers/form.py: 0
[2019-02-27 15:17:47] EDIT iPayMaster/views/layout.html: 0
[2019-02-27 15:18:50] EDIT iPayMaster/views/layout.html: 0
[2019-02-27 15:21:23] EDIT iPayMaster/controllers/form.py: 0
[2019-02-27 15:24:38] EDIT iPayMaster/controllers/process.py: 0
[2019-02-27 15:25:22] EDIT iPayMaster/controllers/process.py: 0
[2019-02-27 15:26:18] EDIT iPayMaster/controllers/process.py: 0
[2019-02-27 15:26:26] EDIT iPayMaster/controllers/process.py: 0
[2019-02-27 15:27:58] EDIT iPayMaster/controllers/process.py: 1
[2019-02-27 15:29:33] EDIT iPayMaster/controllers/process.py: 0
[2019-02-27 15:30:32] EDIT iPayMaster/controllers/process.py: 0
[2019-02-27 15:34:43] EDIT iPayMaster/controllers/process.py: 2
[2019-02-27 15:35:46] EDIT iPayMaster/controllers/process.py: 0
[2019-02-27 15:36:50] EDIT iPayMaster/controllers/process.py: 0
[2019-02-27 22:24:28] EDIT iPayMaster/controllers/form.py: -1
[2019-02-27 22:25:17] EDIT iPayMaster/controllers/form.py: 0
[2019-02-27 22:26:59] EDIT iPayMaster/controllers/process.py: -1
[2019-02-27 22:28:09] EDIT iPayMaster/controllers/process.py: -2
[2019-02-27 22:29:17] EDIT iPayMaster/controllers/form.py: 0
[2019-02-27 22:37:23] EDIT iPayMaster/views/form/paybillgenerator.html: 2
[2019-02-27 22:37:36] EDIT iPayMaster/views/form/paybillgenerator.html: 0
[2019-02-27 22:37:53] EDIT iPayMaster/views/form/paybillgenerator.html: -2
[2019-02-28 10:24:19] EDIT iPayMaster/views/layout.html: 2
[2019-02-28 10:44:28] EDIT iPayMaster/views/layout.html: 0
[2019-02-28 10:44:50] EDIT iPayMaster/views/layout.html: 0
[2019-02-28 10:45:23] EDIT iPayMaster/views/layout.html: 2
[2019-02-28 10:45:36] EDIT iPayMaster/views/layout.html: 0
[2019-02-28 10:46:24] EDIT iPayMaster/views/layout.html: 0
[2019-02-28 10:53:39] EDIT iPayMaster/views/layout.html: 0
[2019-02-28 10:53:52] EDIT iPayMaster/views/layout.html: 0
[2019-02-28 11:00:35] EDIT iPayMaster/views/layout.html: 0
[2019-02-28 11:07:01] EDIT iPayMaster/controllers/process.py: 0
[2019-02-28 11:09:18] EDIT iPayMaster/controllers/process.py: 0
[2019-02-28 11:09:21] EDIT iPayMaster/controllers/process.py: 0
[2019-02-28 11:09:21] EDIT iPayMaster/controllers/process.py: 0
[2019-02-28 11:09:21] EDIT iPayMaster/controllers/process.py: 0
[2019-02-28 11:09:21] EDIT iPayMaster/controllers/process.py: 0
[2019-02-28 11:10:41] EDIT iPayMaster/controllers/process.py: 0
[2019-02-28 11:10:53] EDIT iPayMaster/controllers/process.py: 0
[2019-02-28 11:11:14] EDIT iPayMaster/controllers/process.py: 0
[2019-02-28 11:23:40] EDIT iPayMaster/controllers/process.py: 0
[2019-02-28 11:23:43] EDIT iPayMaster/controllers/process.py: 0
[2019-02-28 11:23:44] EDIT iPayMaster/controllers/process.py: 0
[2019-02-28 11:23:44] EDIT iPayMaster/controllers/process.py: 0
[2019-02-28 11:24:08] EDIT iPayMaster/controllers/process.py: 0
[2019-02-28 11:24:08] EDIT iPayMaster/controllers/process.py: 0
[2019-02-28 11:24:25] EDIT iPayMaster/controllers/process.py: 0
[2019-02-28 11:24:26] EDIT iPayMaster/controllers/process.py: 0
[2019-02-28 11:24:26] EDIT iPayMaster/controllers/process.py: 0
[2019-02-28 11:24:49] EDIT iPayMaster/controllers/process.py: 0
[2019-02-28 11:25:01] EDIT iPayMaster/controllers/process.py: 0
[2019-02-28 11:25:01] EDIT iPayMaster/controllers/process.py: 0
[2019-02-28 11:25:01] EDIT iPayMaster/controllers/process.py: 0
[2019-02-28 12:10:16] EDIT iPayMaster/controllers/process.py: 0
[2019-02-28 12:12:02] EDIT iPayMaster/controllers/process.py: 0
[2019-02-28 12:13:15] EDIT iPayMaster/controllers/process.py: 0
[2019-02-28 12:15:35] EDIT iPayMaster/controllers/process.py: 1
[2019-02-28 12:17:37] EDIT iPayMaster/controllers/process.py: 0
[2019-02-28 12:18:01] EDIT iPayMaster/controllers/process.py: 0
[2019-02-28 12:18:35] EDIT iPayMaster/controllers/process.py: 0
[2019-02-28 13:36:06] EDIT iPayMaster/controllers/process.py: 0
[2019-02-28 13:49:36] EDIT iPayMaster/controllers/process.py: 3
[2019-02-28 13:52:29] EDIT iPayMaster/controllers/process.py: 0
[2019-02-28 13:52:29] EDIT iPayMaster/controllers/process.py: 0
[2019-02-28 13:52:29] EDIT iPayMaster/controllers/process.py: 0
[2019-02-28 14:09:28] EDIT iPayMaster/controllers/process.py: 0
[2019-02-28 14:29:18] EDIT iPayMaster/controllers/process.py: 0
[2019-02-28 14:35:49] EDIT iPayMaster/views/layout.html: 0
[2019-02-28 14:36:01] EDIT iPayMaster/views/layout.html: 0
[2019-02-28 15:18:04] EDIT iPayMaster/controllers/process.py: 2
[2019-02-28 15:18:36] EDIT iPayMaster/views/process/billslip.html: 0
[2019-02-28 15:20:23] EDIT iPayMaster/controllers/process.py: 0
[2019-02-28 15:21:01] EDIT iPayMaster/controllers/process.py: 0
[2019-02-28 15:22:57] EDIT iPayMaster/controllers/process.py: 0
[2019-02-28 15:23:38] EDIT iPayMaster/controllers/process.py: 0
[2019-02-28 15:25:20] EDIT iPayMaster/controllers/process.py: 1
[2019-02-28 15:25:33] EDIT iPayMaster/controllers/process.py: 1
[2019-02-28 15:32:05] EDIT iPayMaster/controllers/process.py: 1
[2019-02-28 15:32:40] EDIT iPayMaster/views/process/billslip.html: 1
[2019-02-28 15:33:51] EDIT iPayMaster/controllers/process.py: 1
[2019-02-28 15:34:34] EDIT iPayMaster/controllers/process.py: 1
[2019-02-28 15:36:12] EDIT iPayMaster/controllers/process.py: 0
[2019-02-28 15:36:39] EDIT iPayMaster/controllers/process.py: 0
[2019-02-28 15:36:58] EDIT iPayMaster/controllers/process.py: -1
[2019-02-28 15:38:06] EDIT iPayMaster/views/process/billslip.html: 2
[2019-02-28 15:38:48] EDIT iPayMaster/controllers/process.py: 1
[2019-02-28 15:44:32] EDIT iPayMaster/controllers/process.py: 1
[2019-02-28 15:45:04] EDIT iPayMaster/views/process/billslip.html: 1
[2019-02-28 15:45:56] EDIT iPayMaster/controllers/process.py: 0
[2019-02-28 15:46:44] EDIT iPayMaster/controllers/process.py: 0
[2019-02-28 15:47:49] EDIT iPayMaster/controllers/process.py: 0
[2019-02-28 15:50:54] EDIT iPayMaster/controllers/process.py: 0
[2019-02-28 15:51:14] EDIT iPayMaster/controllers/process.py: 0
[2019-02-28 16:01:16] EDIT iPayMaster/controllers/process.py: 0
[2019-02-28 16:01:21] EDIT iPayMaster/models/db1.py: 0
[2019-02-28 19:18:18] EDIT iPayMaster/controllers/process.py: 4
[2019-02-28 19:18:42] EDIT iPayMaster/controllers/process.py: 1
[2019-02-28 19:24:43] EDIT iPayMaster/controllers/process.py: 0
[2019-02-28 19:24:43] EDIT iPayMaster/controllers/process.py: 0
[2019-02-28 19:32:27] EDIT iPayMaster/views/layout.html: 0
[2019-02-28 19:32:52] EDIT iPayMaster/views/layout.html: 0
[2019-02-28 19:33:09] EDIT iPayMaster/views/layout.html: 0
[2019-02-28 19:34:32] EDIT iPayMaster/views/layout.html: 0
[2019-02-28 19:34:32] EDIT iPayMaster/views/layout.html: 0
[2019-02-28 19:35:12] EDIT iPayMaster/views/layout.html: 0
[2019-02-28 19:35:27] EDIT iPayMaster/views/layout.html: 0
[2019-02-28 19:35:30] EDIT iPayMaster/views/layout.html: 0
[2019-02-28 19:35:31] EDIT iPayMaster/views/layout.html: 0
[2019-02-28 19:35:31] EDIT iPayMaster/views/layout.html: 0
[2019-03-01 09:55:18] EDIT iPayMaster/views/default/index.html: 0
[2019-03-01 09:56:44] EDIT iPayMaster/views/default/index.html: 0
[2019-03-01 10:58:53] EDIT iPayMaster/controllers/process.py: 0
[2019-03-01 10:59:08] EDIT iPayMaster/views/process/billslip.html: 0
[2019-03-01 10:59:46] EDIT iPayMaster/views/process/billslip.html: 0
[2019-03-01 11:00:25] EDIT iPayMaster/views/process/billslip.html: 0
[2019-03-01 11:14:17] EDIT iPayMaster/controllers/process.py: 1
[2019-03-01 11:17:22] EDIT iPayMaster/models/db1.py: 1
[2019-03-01 11:18:22] EDIT iPayMaster/models/db1.py: 8
[2019-03-01 11:29:39] EDIT iPayMaster/controllers/process.py: 3
[2019-03-01 11:29:40] EDIT iPayMaster/controllers/process.py: 0
[2019-03-01 11:31:26] EDIT iPayMaster/controllers/process.py: 0
[2019-03-01 11:32:27] EDIT iPayMaster/controllers/process.py: 0
[2019-03-01 11:33:17] EDIT iPayMaster/controllers/process.py: 0
[2019-03-01 11:34:17] EDIT iPayMaster/controllers/process.py: 1
[2019-03-01 11:34:49] EDIT iPayMaster/views/process/billslip.html: 1
[2019-03-01 11:34:51] EDIT iPayMaster/views/process/billslip.html: 0
[2019-03-01 11:35:38] EDIT iPayMaster/controllers/process.py: 0
[2019-03-01 11:38:49] EDIT iPayMaster/controllers/process.py: 0
[2019-03-01 11:40:37] EDIT iPayMaster/controllers/process.py: 1
[2019-03-01 11:40:39] EDIT iPayMaster/controllers/process.py: 0
[2019-03-01 11:41:38] EDIT iPayMaster/controllers/process.py: 0
[2019-03-01 11:42:06] EDIT iPayMaster/controllers/process.py: 0
[2019-03-01 11:48:52] EDIT iPayMaster/controllers/process.py: 6
[2019-03-01 11:49:06] EDIT iPayMaster/controllers/process.py: 0
[2019-03-01 11:49:33] EDIT iPayMaster/controllers/process.py: 0
[2019-03-01 11:51:52] EDIT iPayMaster/controllers/process.py: 2
[2019-03-01 11:56:53] EDIT iPayMaster/models/db1.py: -1
[2019-03-01 12:04:22] EDIT iPayMaster/models/db1.py: 0
[2019-03-01 12:04:26] EDIT iPayMaster/models/db1.py: 0
[2019-03-01 12:04:26] EDIT iPayMaster/models/db1.py: 0
[2019-03-01 12:04:26] EDIT iPayMaster/models/db1.py: 0
[2019-03-01 12:04:27] EDIT iPayMaster/models/db1.py: 0
[2019-03-01 12:04:27] EDIT iPayMaster/models/db1.py: 0
[2019-03-01 12:04:27] EDIT iPayMaster/models/db1.py: 0
[2019-03-01 12:05:27] EDIT iPayMaster/controllers/process.py: 14
[2019-03-01 12:21:48] EDIT iPayMaster/controllers/process.py: 0
[2019-03-01 12:21:48] EDIT iPayMaster/controllers/process.py: 0
[2019-03-01 12:21:48] EDIT iPayMaster/controllers/process.py: 0
[2019-03-01 12:22:03] EDIT iPayMaster/models/db1.py: 0
[2019-03-01 12:24:02] EDIT iPayMaster/controllers/process.py: 0
[2019-03-01 12:24:06] EDIT iPayMaster/controllers/process.py: 0
[2019-03-01 12:24:06] EDIT iPayMaster/controllers/process.py: 0
[2019-03-01 12:24:06] EDIT iPayMaster/controllers/process.py: 0
[2019-03-01 12:24:09] EDIT iPayMaster/models/db1.py: 0
[2019-03-01 12:24:09] EDIT iPayMaster/models/db1.py: 0
[2019-03-01 12:24:09] EDIT iPayMaster/models/db1.py: 0
[2019-03-01 14:04:44] EDIT iPayMaster/controllers/process.py: 1
[2019-03-01 14:09:21] EDIT iPayMaster/controllers/process.py: 6
[2019-03-01 14:09:22] EDIT iPayMaster/controllers/process.py: 0
[2019-03-01 14:11:51] EDIT iPayMaster/controllers/process.py: 3
[2019-03-01 14:12:05] EDIT iPayMaster/controllers/process.py: 0
[2019-03-01 14:21:02] EDIT iPayMaster/controllers/process.py: 1
[2019-03-01 14:21:02] EDIT iPayMaster/controllers/process.py: 0
[2019-03-01 14:21:03] EDIT iPayMaster/controllers/process.py: 0
[2019-03-01 14:21:03] EDIT iPayMaster/controllers/process.py: 0
[2019-03-01 14:21:03] EDIT iPayMaster/controllers/process.py: 0
[2019-03-01 14:24:01] EDIT iPayMaster/controllers/process.py: 0
[2019-03-01 14:29:33] EDIT iPayMaster/controllers/process.py: 0
[2019-03-01 14:40:39] EDIT iPayMaster/controllers/process.py: 0
[2019-03-01 14:43:23] EDIT iPayMaster/controllers/process.py: 3
[2019-03-01 14:45:03] EDIT iPayMaster/controllers/process.py: 0
[2019-03-01 14:45:04] EDIT iPayMaster/controllers/process.py: 0
[2019-03-01 14:55:22] EDIT iPayMaster/controllers/process.py: 14
[2019-03-01 14:55:46] EDIT iPayMaster/controllers/process.py: 0
[2019-03-01 14:55:47] EDIT iPayMaster/controllers/process.py: 0
[2019-03-01 14:55:47] EDIT iPayMaster/controllers/process.py: 0
[2019-03-01 14:55:47] EDIT iPayMaster/controllers/process.py: 0
[2019-03-01 14:55:53] EDIT iPayMaster/controllers/process.py: 0
[2019-03-01 14:56:19] EDIT iPayMaster/controllers/process.py: 0
[2019-03-01 15:01:04] EDIT iPayMaster/models/db1.py: 0
[2019-03-01 15:10:17] EDIT iPayMaster/controllers/process.py: 1
[2019-03-01 15:11:18] EDIT iPayMaster/controllers/process.py: 0
[2019-03-01 15:11:19] EDIT iPayMaster/controllers/process.py: 0
[2019-03-01 15:13:22] EDIT iPayMaster/controllers/process.py: 2
[2019-03-01 15:13:47] EDIT iPayMaster/controllers/process.py: 0
[2019-03-01 15:26:05] EDIT iPayMaster/models/db1.py: 0
[2019-03-01 15:29:05] EDIT iPayMaster/controllers/process.py: 0
[2019-03-01 15:33:24] EDIT iPayMaster/controllers/process.py: 2
[2019-03-01 15:35:13] EDIT iPayMaster/models/menu.py: 1
[2019-03-01 15:37:43] EDIT iPayMaster/controllers/form.py: 3
[2019-03-01 15:38:12] CREATE form/viewbills.html: 0
[2019-03-01 15:38:32] EDIT iPayMaster/views/form/viewbills.html: -1
[2019-03-01 15:45:22] EDIT iPayMaster/controllers/form.py: 1
[2019-03-01 15:47:46] EDIT iPayMaster/controllers/form.py: 3
[2019-03-01 15:48:09] EDIT iPayMaster/views/form/viewbills.html: 0
[2019-03-01 15:48:55] EDIT iPayMaster/controllers/form.py: 1
[2019-03-01 15:49:37] EDIT iPayMaster/controllers/form.py: 0
[2019-03-01 15:52:11] EDIT iPayMaster/models/db1.py: 0
[2019-03-01 15:54:15] EDIT iPayMaster/controllers/form.py: 0
[2019-03-01 15:55:50] EDIT iPayMaster/controllers/form.py: 5
[2019-03-01 15:56:33] EDIT iPayMaster/controllers/form.py: 0
[2019-03-01 15:57:58] EDIT iPayMaster/controllers/form.py: 0
[2019-03-01 15:58:10] EDIT iPayMaster/controllers/form.py: 0
[2019-03-01 15:58:47] EDIT iPayMaster/controllers/form.py: 0
[2019-03-01 15:59:17] EDIT iPayMaster/controllers/form.py: 0
[2019-03-01 15:59:46] EDIT iPayMaster/controllers/form.py: 0
[2019-03-01 16:00:19] EDIT iPayMaster/controllers/form.py: 0
[2019-03-01 16:01:45] EDIT iPayMaster/controllers/form.py: 1
[2019-03-01 16:02:40] EDIT iPayMaster/controllers/form.py: 0
[2019-03-01 16:03:02] EDIT iPayMaster/controllers/form.py: 0
[2019-03-01 16:04:12] EDIT iPayMaster/controllers/form.py: 0
[2019-03-01 16:05:21] EDIT iPayMaster/controllers/form.py: 1
[2019-03-03 19:25:43] EDIT iPayMaster/controllers/process.py: 0
[2019-03-03 19:31:38] EDIT iPayMaster/controllers/form.py: 0
[2019-03-03 19:31:57] EDIT iPayMaster/controllers/form.py: 0
[2019-03-04 19:18:17] EDIT iPayMaster/controllers/form.py: 6
[2019-03-04 19:20:59] EDIT iPayMaster/controllers/form.py: 0
[2019-03-04 19:21:44] EDIT iPayMaster/controllers/form.py: -6
[2019-03-04 19:23:45] EDIT iPayMaster/controllers/form.py: 1
[2019-03-04 19:24:32] EDIT iPayMaster/controllers/form.py: -1
[2019-03-04 19:24:49] EDIT iPayMaster/controllers/form.py: 0
[2019-03-04 19:24:49] EDIT iPayMaster/controllers/form.py: 0
[2019-03-04 19:24:50] EDIT iPayMaster/controllers/form.py: 0
[2019-03-04 19:27:40] EDIT iPayMaster/controllers/form.py: 3
[2019-03-04 19:28:00] EDIT iPayMaster/controllers/form.py: 0
[2019-03-04 19:28:21] EDIT iPayMaster/controllers/form.py: -2
[2019-03-04 19:28:50] EDIT iPayMaster/controllers/form.py: 0
[2019-03-04 19:29:01] EDIT iPayMaster/controllers/form.py: 0
[2019-03-04 19:29:02] EDIT iPayMaster/controllers/form.py: 0
[2019-03-04 19:29:03] EDIT iPayMaster/controllers/form.py: 0
[2019-03-04 19:29:03] EDIT iPayMaster/controllers/form.py: 0
[2019-03-04 19:29:30] EDIT iPayMaster/controllers/form.py: 0
[2019-03-04 19:29:50] EDIT iPayMaster/controllers/form.py: 0
[2019-03-04 19:30:03] EDIT iPayMaster/controllers/form.py: 0
[2019-03-04 19:30:13] EDIT iPayMaster/controllers/form.py: 0
[2019-03-04 19:30:38] EDIT iPayMaster/controllers/form.py: 0
[2019-03-04 19:30:40] EDIT iPayMaster/controllers/form.py: 0
[2019-03-04 19:30:41] EDIT iPayMaster/controllers/form.py: 0
[2019-03-04 19:30:41] EDIT iPayMaster/controllers/form.py: 0
[2019-03-04 19:30:41] EDIT iPayMaster/controllers/form.py: 0
[2019-03-04 19:30:42] EDIT iPayMaster/controllers/form.py: 0
[2019-03-04 19:31:04] EDIT iPayMaster/controllers/form.py: 0
[2019-03-04 19:32:35] EDIT iPayMaster/controllers/form.py: 0
[2019-03-04 19:35:00] EDIT iPayMaster/controllers/form.py: 1
[2019-03-04 19:35:23] EDIT iPayMaster/controllers/form.py: 0
[2019-03-04 19:37:56] EDIT iPayMaster/controllers/form.py: 0
[2019-03-04 19:39:09] EDIT iPayMaster/controllers/form.py: 0
[2019-03-04 19:39:39] EDIT iPayMaster/controllers/form.py: 0
[2019-03-04 19:40:23] EDIT iPayMaster/controllers/form.py: 0
[2019-03-04 19:41:27] EDIT iPayMaster/controllers/form.py: -2
[2019-03-04 19:42:20] EDIT iPayMaster/controllers/form.py: 0
[2019-03-04 19:43:56] EDIT iPayMaster/controllers/form.py: 4
[2019-03-04 19:45:23] EDIT iPayMaster/controllers/form.py: 0
[2019-03-04 19:45:59] EDIT iPayMaster/controllers/form.py: 0
[2019-03-04 19:47:21] EDIT iPayMaster/controllers/form.py: 1
[2019-03-04 19:47:46] EDIT iPayMaster/controllers/form.py: 1
[2019-03-05 09:46:43] EDIT iPayMaster/controllers/form.py: 1
[2019-03-05 09:47:27] EDIT iPayMaster/controllers/form.py: -1
[2019-03-05 09:47:29] EDIT iPayMaster/controllers/form.py: 0
[2019-03-05 09:47:30] EDIT iPayMaster/controllers/form.py: 0
[2019-03-05 09:47:30] EDIT iPayMaster/controllers/form.py: 0
[2019-03-05 10:16:34] EDIT iPayMaster/views/default/index.html: 0
[2019-03-05 10:18:32] EDIT iPayMaster/views/default/user.html: 0
[2019-03-05 10:18:51] EDIT iPayMaster/views/default/user.html: 0
[2019-03-05 10:19:18] EDIT iPayMaster/models/menu.py: 0
[2019-03-05 10:20:03] EDIT iPayMaster/views/hadmin_layout.html: 0
[2019-03-05 10:21:47] EDIT iPayMaster/views/hadmin_layout.html: 0
[2019-03-05 10:22:20] EDIT iPayMaster/controllers/default.py: 3
[2019-03-05 10:24:34] EDIT iPayMaster/views/hadmin_layout.html: 0
[2019-03-05 10:25:40] EDIT iPayMaster/views/hadmin_layout.html: 2
[2019-03-05 10:35:27] EDIT iPayMaster/views/default/index.html: 0
[2019-03-05 10:35:39] EDIT iPayMaster/views/form/bank.html: 0
[2019-03-05 10:35:51] EDIT iPayMaster/views/form/bank.html: 0
[2019-03-05 10:35:54] EDIT iPayMaster/views/form/bank.html: 0
[2019-03-05 10:37:30] DELETE iPayMaster/views/form/bank.html.1: -2
[2019-03-05 10:37:43] EDIT iPayMaster/views/form/designations.html: 0
[2019-03-05 10:38:01] EDIT iPayMaster/views/form/employees.html: 0
[2019-03-05 10:38:04] EDIT iPayMaster/views/form/employees.html: 0
[2019-03-05 10:38:19] EDIT iPayMaster/views/form/leaves.html: 0
[2019-03-05 10:38:35] EDIT iPayMaster/views/form/paybillgenerator.html: 0
[2019-03-05 10:38:51] EDIT iPayMaster/views/form/remitence.html: 0
[2019-03-05 10:39:07] EDIT iPayMaster/views/form/salaries.html: 0
[2019-03-05 10:39:40] EDIT iPayMaster/views/form/salaryheads.html: 0
[2019-03-05 10:40:42] EDIT iPayMaster/views/form/salaryhistemp.html: 0
[2019-03-05 10:41:07] EDIT iPayMaster/views/form/salaryhistories.html: 0
[2019-03-05 10:41:20] EDIT iPayMaster/views/form/statuses.html: 0
[2019-03-05 10:41:47] EDIT iPayMaster/views/form/statuses.html: 0
[2019-03-05 10:43:26] EDIT iPayMaster/views/form/viewbills.html: 0
[2019-03-05 10:43:56] EDIT iPayMaster/views/process/billslip.html: 0
[2019-03-05 10:44:56] EDIT iPayMaster/views/process/billslip.html: 0
[2019-03-05 10:46:56] EDIT iPayMaster/views/process/billslip.html: 0
[2019-03-05 10:56:51] EDIT iPayMaster/views/hadmin_layout.html: 0
[2019-03-05 11:41:53] EDIT iPayMaster/controllers/form.py: 0
[2019-03-05 11:42:25] EDIT iPayMaster/controllers/form.py: 0
[2019-03-05 12:11:20] EDIT iPayMaster/static/hadmin/assets/css/style.css: 69
[2019-03-05 12:11:52] EDIT iPayMaster/views/form/employees.html: 0
[2019-03-05 12:12:22] EDIT iPayMaster/controllers/form.py: 0
[2019-03-05 12:16:17] EDIT iPayMaster/static/hadmin/assets/css/style.css: 0
[2019-03-05 12:16:46] EDIT iPayMaster/static/hadmin/assets/css/style.css: 0
[2019-03-05 12:18:33] EDIT iPayMaster/controllers/form.py: 0
[2019-03-05 13:31:30] EDIT iPayMaster/controllers/form.py: 0
[2019-03-05 13:54:17] EDIT iPayMaster/static/hadmin/assets/css/style.css: 0
[2019-03-05 13:54:22] EDIT iPayMaster/static/hadmin/assets/css/style.css: 0
[2019-03-05 13:56:42] EDIT iPayMaster/static/hadmin/assets/css/style.css: 0
[2019-03-05 13:56:49] EDIT iPayMaster/static/hadmin/assets/css/style.css: 0
[2019-03-05 13:56:54] EDIT iPayMaster/static/hadmin/assets/css/style.css: 0
[2019-03-05 13:57:12] EDIT iPayMaster/static/hadmin/assets/css/style.css: 0
[2019-03-05 13:57:37] EDIT iPayMaster/static/hadmin/assets/css/style.css: 0
[2019-03-05 13:57:45] EDIT iPayMaster/static/hadmin/assets/css/style.css: 0
[2019-03-05 13:57:57] EDIT iPayMaster/static/hadmin/assets/css/style.css: 0
[2019-03-05 13:58:01] EDIT iPayMaster/static/hadmin/assets/css/style.css: 0
[2019-03-05 13:58:01] EDIT iPayMaster/static/hadmin/assets/css/style.css: 0
[2019-03-05 13:58:06] EDIT iPayMaster/static/hadmin/assets/css/style.css: 0
[2019-03-05 13:58:06] EDIT iPayMaster/static/hadmin/assets/css/style.css: 0
[2019-03-05 13:58:06] EDIT iPayMaster/static/hadmin/assets/css/style.css: 0
[2019-03-05 14:01:37] EDIT iPayMaster/controllers/form.py: 0
[2019-03-05 14:02:06] EDIT iPayMaster/controllers/form.py: 1
[2019-03-05 14:16:53] EDIT iPayMaster/controllers/form.py: 32
[2019-03-05 14:22:04] EDIT iPayMaster/controllers/form.py: -4
[2019-03-05 14:23:55] EDIT iPayMaster/controllers/form.py: 0
[2019-03-05 14:28:59] EDIT iPayMaster/controllers/form.py: 0
[2019-03-05 14:29:38] EDIT iPayMaster/controllers/form.py: 0
[2019-03-05 14:31:37] EDIT iPayMaster/controllers/form.py: 2
[2019-03-05 14:34:34] EDIT iPayMaster/controllers/form.py: 0
[2019-03-05 14:36:03] EDIT iPayMaster/controllers/form.py: 0
[2019-03-05 14:37:29] EDIT iPayMaster/controllers/form.py: 0
[2019-03-05 14:40:20] EDIT iPayMaster/controllers/form.py: 1
[2019-03-05 14:47:17] EDIT iPayMaster/controllers/form.py: 0
[2019-03-05 14:47:24] EDIT iPayMaster/controllers/form.py: 0
[2019-03-05 14:47:25] EDIT iPayMaster/controllers/form.py: 0
[2019-03-05 14:47:26] EDIT iPayMaster/controllers/form.py: 0
[2019-03-05 14:47:43] EDIT iPayMaster/controllers/form.py: 0
[2019-03-05 14:57:54] EDIT iPayMaster/controllers/form.py: 0
[2019-03-19 10:35:15] EDIT iPayMaster/views/form/viewbills.html: 0
[2019-03-19 10:36:02] EDIT iPayMaster/controllers/form.py: 0
[2019-03-19 10:40:29] EDIT iPayMaster/controllers/form.py: 1
[2019-03-19 10:42:54] EDIT iPayMaster/controllers/form.py: -1
[2019-03-19 11:43:11] EDIT iPayMaster/controllers/form.py: 0
[2019-03-19 12:07:09] EDIT iPayMaster/controllers/form.py: -44
[2019-03-19 12:07:32] EDIT iPayMaster/views/form/viewbills.html: 0
[2019-03-19 12:08:38] EDIT iPayMaster/controllers/form.py: 0
[2019-03-19 12:10:57] EDIT iPayMaster/controllers/form.py: 0
[2019-03-19 12:14:52] EDIT iPayMaster/controllers/form.py: 0
[2019-03-19 12:15:44] EDIT iPayMaster/controllers/form.py: 0
[2019-03-19 12:15:56] EDIT iPayMaster/controllers/form.py: 0
[2019-03-19 12:15:58] EDIT iPayMaster/controllers/form.py: 0
[2019-03-19 12:16:20] EDIT iPayMaster/controllers/form.py: 0
[2019-03-19 12:17:41] EDIT iPayMaster/controllers/form.py: 0
[2019-03-19 12:19:46] EDIT iPayMaster/controllers/form.py: 0
[2019-03-19 12:21:00] EDIT iPayMaster/controllers/form.py: 0
[2019-03-19 12:23:01] EDIT iPayMaster/controllers/form.py: 2
[2019-03-19 12:23:32] CREATE form/viewslip.html: 0
[2019-03-19 12:23:56] EDIT iPayMaster/views/form/viewslip.html: 0
[2019-03-19 12:24:06] EDIT iPayMaster/views/form/viewslip.html: 3
[2019-03-19 12:26:25] EDIT iPayMaster/controllers/form.py: 5
[2019-03-19 12:27:27] EDIT iPayMaster/controllers/form.py: 0
[2019-03-19 12:31:36] EDIT iPayMaster/controllers/form.py: 3
[2019-03-19 12:33:41] EDIT iPayMaster/views/form/viewslip.html: 1
[2019-03-19 12:36:43] EDIT iPayMaster/controllers/form.py: 1
[2019-03-19 12:42:44] EDIT iPayMaster/views/form/viewslip.html: 7
[2019-03-19 12:43:45] EDIT iPayMaster/views/form/viewslip.html: 0
[2019-03-19 12:45:34] EDIT iPayMaster/views/form/viewslip.html: 0
[2019-03-19 12:49:37] EDIT iPayMaster/views/form/viewslip.html: 8
[2019-03-19 12:51:08] EDIT iPayMaster/views/form/viewslip.html: 0
[2019-03-19 12:51:49] EDIT iPayMaster/views/form/viewslip.html: 2
[2019-03-19 12:53:49] EDIT iPayMaster/controllers/form.py: 1
[2019-03-19 12:54:21] EDIT iPayMaster/views/form/viewslip.html: 0
[2019-03-19 12:55:33] EDIT iPayMaster/views/form/viewslip.html: 0
[2019-03-19 12:56:24] EDIT iPayMaster/views/form/viewslip.html: 0
[2019-03-19 12:56:24] EDIT iPayMaster/views/form/viewslip.html: 0
[2019-03-19 12:56:24] EDIT iPayMaster/views/form/viewslip.html: 0
[2019-03-19 13:19:21] EDIT iPayMaster/views/form/viewslip.html: 0
[2019-03-19 13:25:03] EDIT iPayMaster/views/form/viewslip.html: 2
[2019-03-19 13:31:26] EDIT iPayMaster/views/form/viewslip.html: 3
[2019-03-19 13:32:25] EDIT iPayMaster/views/form/viewslip.html: 1
[2019-03-19 13:33:29] EDIT iPayMaster/views/form/viewslip.html: 0
[2019-03-19 13:35:35] EDIT iPayMaster/controllers/form.py: 0
[2019-03-19 13:35:59] EDIT iPayMaster/models/db1.py: 0
[2019-03-19 13:38:05] EDIT iPayMaster/views/form/viewslip.html: -1
[2019-03-19 13:39:08] EDIT iPayMaster/views/form/viewslip.html: 1
[2019-03-19 13:44:53] EDIT iPayMaster/views/form/viewslip.html: 0
[2019-03-19 13:48:42] EDIT iPayMaster/views/form/viewslip.html: 0
[2019-03-19 13:49:56] EDIT iPayMaster/controllers/form.py: 3
[2019-03-19 13:50:01] EDIT iPayMaster/controllers/form.py: 0
[2019-03-19 13:50:19] EDIT iPayMaster/controllers/form.py: 0
[2019-03-19 13:51:00] EDIT iPayMaster/controllers/form.py: 0
[2019-03-19 13:51:24] EDIT iPayMaster/controllers/form.py: -3
[2019-03-19 13:56:14] EDIT iPayMaster/controllers/form.py: 1
[2019-03-19 13:56:50] EDIT iPayMaster/controllers/form.py: 0
[2019-03-19 13:57:15] EDIT iPayMaster/controllers/form.py: -1
[2019-03-19 14:05:12] EDIT iPayMaster/controllers/form.py: 51
[2019-03-19 14:06:21] EDIT iPayMaster/views/form/viewslip.html: 1
[2019-03-19 14:06:38] EDIT iPayMaster/views/form/viewslip.html: 0
[2019-03-19 14:08:11] EDIT iPayMaster/controllers/form.py: 1
[2019-03-19 14:08:27] EDIT iPayMaster/views/form/viewslip.html: 0
[2019-03-19 14:08:29] EDIT iPayMaster/controllers/form.py: 0
[2019-03-19 14:08:57] EDIT iPayMaster/views/form/viewslip.html: 0
[2019-03-19 14:10:45] EDIT iPayMaster/views/form/viewslip.html: 0
[2019-03-19 14:11:01] EDIT iPayMaster/views/form/viewslip.html: 0
[2019-03-19 14:13:39] EDIT iPayMaster/views/form/viewslip.html: 0
[2019-03-19 14:14:14] EDIT iPayMaster/views/form/viewslip.html: 0
[2019-03-19 14:14:40] EDIT iPayMaster/views/form/viewslip.html: 0
[2019-03-19 14:15:00] EDIT iPayMaster/views/form/viewslip.html: 0
[2019-03-19 14:15:02] EDIT iPayMaster/views/form/viewslip.html: 0
[2019-03-19 14:15:02] EDIT iPayMaster/views/form/viewslip.html: 0
[2019-03-19 14:16:11] EDIT iPayMaster/views/form/viewslip.html: 0
[2019-03-19 14:16:21] EDIT iPayMaster/views/form/viewslip.html: 0
[2019-03-19 14:16:41] EDIT iPayMaster/views/form/viewslip.html: 0
[2019-03-19 14:16:53] EDIT iPayMaster/views/form/viewslip.html: 0
[2019-03-19 14:17:26] EDIT iPayMaster/views/form/viewslip.html: 0
[2019-03-19 14:17:42] EDIT iPayMaster/views/form/viewslip.html: 0
[2019-03-19 14:18:25] EDIT iPayMaster/views/form/viewslip.html: 0
[2019-03-19 14:19:26] EDIT iPayMaster/views/form/viewslip.html: -1
[2019-03-19 14:19:35] EDIT iPayMaster/views/form/viewslip.html: 0
[2019-03-19 14:20:12] EDIT iPayMaster/views/form/viewslip.html: 0
[2019-03-19 14:20:52] EDIT iPayMaster/views/form/viewslip.html: 0
[2019-03-19 14:21:51] EDIT iPayMaster/views/form/viewslip.html: 0
[2019-03-19 14:22:54] EDIT iPayMaster/views/form/viewslip.html: 0
[2019-03-19 14:23:10] EDIT iPayMaster/views/form/viewslip.html: 0
[2019-03-19 14:24:11] EDIT iPayMaster/views/form/viewslip.html: 0
[2019-03-19 14:27:33] EDIT iPayMaster/controllers/form.py: 2
[2019-03-19 14:27:47] EDIT iPayMaster/controllers/form.py: 0
[2019-03-19 14:27:58] EDIT iPayMaster/controllers/form.py: 0
[2019-03-19 14:28:07] EDIT iPayMaster/views/form/viewslip.html: 0
[2019-03-19 14:29:19] EDIT iPayMaster/views/form/viewslip.html: 0
[2019-03-19 14:30:29] EDIT iPayMaster/views/form/viewslip.html: 0
[2019-03-19 15:05:59] EDIT iPayMaster/views/form/viewslip.html: 1
[2019-03-19 15:23:35] EDIT iPayMaster/views/form/viewslip.html: 0
[2019-03-19 15:23:50] EDIT iPayMaster/views/form/viewslip.html: 0
[2019-03-19 15:24:40] EDIT iPayMaster/views/form/viewslip.html: 0
[2019-03-19 15:25:58] EDIT iPayMaster/views/form/viewslip.html: 0
[2019-03-19 15:27:26] EDIT iPayMaster/views/form/viewslip.html: 0
[2019-03-19 15:27:41] EDIT iPayMaster/views/form/viewslip.html: 0
[2019-03-19 15:27:57] EDIT iPayMaster/views/form/viewslip.html: 0
[2019-03-19 15:27:58] EDIT iPayMaster/views/form/viewslip.html: 0
[2019-03-19 15:27:58] EDIT iPayMaster/views/form/viewslip.html: 0
[2019-03-19 15:27:58] EDIT iPayMaster/views/form/viewslip.html: 0
[2019-03-20 11:03:41] EDIT iPayMaster/controllers/form.py: 34
[2019-03-20 11:04:15] EDIT iPayMaster/controllers/form.py: 0
[2019-03-20 11:05:19] EDIT iPayMaster/controllers/form.py: 4
[2019-03-20 11:08:06] EDIT iPayMaster/controllers/form.py: 1
[2019-03-20 11:09:12] EDIT iPayMaster/controllers/form.py: -3
[2019-03-20 11:10:15] EDIT iPayMaster/controllers/form.py: -1
[2019-03-20 11:11:27] EDIT iPayMaster/controllers/form.py: 0
[2019-03-20 11:13:02] EDIT iPayMaster/views/form/viewslip.html: 0
[2019-03-20 11:16:09] EDIT iPayMaster/views/form/viewslippdf.html: 0
[2019-03-20 11:16:36] EDIT iPayMaster/controllers/form.py: 0
[2019-03-20 11:18:50] EDIT iPayMaster/controllers/form.py: 0
[2019-03-20 11:23:58] EDIT iPayMaster/views/form/viewslippdf.html: 0
[2019-03-20 11:26:49] EDIT iPayMaster/controllers/form.py: 0
[2019-03-20 11:27:24] EDIT iPayMaster/controllers/form.py: 0
[2019-03-20 11:28:28] EDIT iPayMaster/controllers/form.py: 0
[2019-03-20 11:29:20] EDIT iPayMaster/controllers/form.py: 0
[2019-03-20 11:30:23] EDIT iPayMaster/controllers/form.py: 1
[2019-03-20 11:30:59] EDIT iPayMaster/controllers/form.py: 0
[2019-03-20 11:32:56] EDIT iPayMaster/controllers/form.py: 3
[2019-03-20 11:34:01] EDIT iPayMaster/controllers/form.py: 0
[2019-03-20 11:35:08] EDIT iPayMaster/controllers/form.py: 0
[2019-03-20 11:36:27] EDIT iPayMaster/controllers/form.py: 0
[2019-03-20 11:36:30] EDIT iPayMaster/controllers/form.py: 0
[2019-03-20 11:43:23] EDIT iPayMaster/controllers/form.py: -2
[2019-03-20 11:48:36] EDIT iPayMaster/controllers/form.py: 4
[2019-03-20 11:48:52] EDIT iPayMaster/controllers/form.py: 0
[2019-03-20 11:49:05] EDIT iPayMaster/controllers/form.py: 0
[2019-03-20 11:49:51] EDIT iPayMaster/controllers/form.py: 0
[2019-03-20 11:50:04] EDIT iPayMaster/controllers/form.py: 0
[2019-03-20 11:50:42] EDIT iPayMaster/controllers/form.py: 0
[2019-03-20 11:51:05] EDIT iPayMaster/controllers/form.py: 0
[2019-03-20 11:51:53] EDIT iPayMaster/controllers/form.py: 0
[2019-03-20 11:57:39] EDIT iPayMaster/controllers/form.py: 2
[2019-03-20 11:57:42] EDIT iPayMaster/controllers/form.py: 0
[2019-03-20 11:57:48] EDIT iPayMaster/controllers/form.py: 0
[2019-03-20 11:58:08] EDIT iPayMaster/controllers/form.py: 0
[2019-03-20 11:59:49] EDIT iPayMaster/controllers/form.py: 0
[2019-03-20 12:00:35] EDIT iPayMaster/controllers/form.py: 1
[2019-03-20 12:02:40] EDIT iPayMaster/controllers/form.py: 0
[2019-03-20 12:02:41] EDIT iPayMaster/controllers/form.py: 0
[2019-03-20 12:02:41] EDIT iPayMaster/controllers/form.py: 0
[2019-03-20 12:02:41] EDIT iPayMaster/controllers/form.py: 0
[2019-03-20 12:02:42] EDIT iPayMaster/controllers/form.py: 0
[2019-03-20 12:03:05] EDIT iPayMaster/controllers/form.py: 0
[2019-03-20 12:03:18] EDIT iPayMaster/controllers/form.py: 0
[2019-03-20 12:04:40] EDIT iPayMaster/controllers/form.py: 0
[2019-03-20 12:04:52] EDIT iPayMaster/controllers/form.py: 0
[2019-03-20 12:05:38] EDIT iPayMaster/controllers/form.py: 0
[2019-03-20 12:05:48] EDIT iPayMaster/controllers/form.py: 0
[2019-03-20 12:06:26] EDIT iPayMaster/controllers/form.py: 0
[2019-03-20 12:38:38] EDIT iPayMaster/controllers/form.py: 10
[2019-03-20 13:56:01] EDIT iPayMaster/controllers/form.py: 0
[2019-03-20 14:06:15] EDIT iPayMaster/controllers/form.py: 0
[2019-03-20 14:06:26] EDIT iPayMaster/controllers/form.py: 0
[2019-03-20 14:07:18] EDIT iPayMaster/controllers/form.py: 0
[2019-03-20 14:07:51] EDIT iPayMaster/controllers/form.py: 0
[2019-03-20 14:10:27] EDIT iPayMaster/controllers/form.py: 0
[2019-03-20 14:18:09] EDIT iPayMaster/controllers/form.py: -10
[2019-03-20 14:18:15] EDIT iPayMaster/controllers/form.py: 0
[2019-03-20 14:18:33] EDIT iPayMaster/controllers/form.py: 1
[2019-03-20 14:18:50] EDIT iPayMaster/controllers/form.py: 0
[2019-03-20 14:20:12] EDIT iPayMaster/controllers/form.py: -1
[2019-03-20 14:20:30] EDIT iPayMaster/controllers/form.py: 0
[2019-03-20 14:20:41] EDIT iPayMaster/controllers/form.py: 0
[2019-03-20 14:21:00] EDIT iPayMaster/controllers/form.py: 0
[2019-03-20 14:21:55] EDIT iPayMaster/controllers/form.py: 2
[2019-03-20 14:24:20] EDIT iPayMaster/controllers/form.py: 12
[2019-03-20 14:26:41] EDIT iPayMaster/controllers/form.py: 0
[2019-03-20 14:27:03] EDIT iPayMaster/controllers/form.py: 0
[2019-03-20 14:27:31] EDIT iPayMaster/controllers/form.py: 0
[2019-03-20 14:28:37] EDIT iPayMaster/controllers/form.py: 2
[2019-03-20 14:29:28] EDIT iPayMaster/controllers/form.py: 0
[2019-03-20 14:31:03] EDIT iPayMaster/controllers/form.py: 0
[2019-03-20 14:31:25] EDIT iPayMaster/controllers/form.py: 0
[2019-03-20 14:32:04] EDIT iPayMaster/controllers/form.py: 0
[2019-03-20 14:35:09] EDIT iPayMaster/controllers/form.py: 10
[2019-03-20 14:36:02] EDIT iPayMaster/controllers/form.py: 0
[2019-03-20 14:40:46] EDIT iPayMaster/controllers/form.py: 0
[2019-03-20 14:41:13] EDIT iPayMaster/controllers/form.py: 0
[2019-03-20 14:42:19] EDIT iPayMaster/controllers/form.py: 0
[2019-03-20 14:42:43] EDIT iPayMaster/controllers/form.py: 0
[2019-03-20 14:43:39] EDIT iPayMaster/controllers/form.py: 1
[2019-03-20 14:44:37] EDIT iPayMaster/controllers/form.py: 0
[2019-03-20 14:47:07] EDIT iPayMaster/controllers/form.py: 0
[2019-03-20 14:47:25] EDIT iPayMaster/controllers/form.py: 0
[2019-03-20 14:47:47] EDIT iPayMaster/controllers/form.py: 0
[2019-03-20 14:48:04] EDIT iPayMaster/controllers/form.py: 0
[2019-03-20 14:54:56] EDIT iPayMaster/controllers/form.py: 0
[2019-03-20 14:56:16] EDIT iPayMaster/controllers/form.py: 1
[2019-03-20 14:57:16] EDIT iPayMaster/controllers/form.py: 0
[2019-03-20 15:00:14] EDIT iPayMaster/controllers/form.py: -1
[2019-03-20 15:01:53] EDIT iPayMaster/controllers/form.py: 1
[2019-03-20 15:02:12] EDIT iPayMaster/controllers/form.py: -1
[2019-03-20 15:02:30] EDIT iPayMaster/controllers/form.py: 0
[2019-03-20 15:03:11] EDIT iPayMaster/controllers/form.py: 1
[2019-03-20 15:03:49] EDIT iPayMaster/controllers/form.py: 0
[2019-03-20 15:09:21] EDIT iPayMaster/controllers/form.py: 1
[2019-03-20 15:10:43] EDIT iPayMaster/controllers/form.py: 1
[2019-03-20 15:11:29] EDIT iPayMaster/controllers/form.py: 0
[2019-03-20 15:11:50] EDIT iPayMaster/controllers/form.py: 0
[2019-03-21 09:42:54] EDIT iPayMaster/models/db1.py: 0
[2019-03-21 09:56:28] EDIT iPayMaster/controllers/form.py: 0
[2019-03-21 09:56:46] EDIT iPayMaster/controllers/form.py: 0
[2019-03-21 09:56:56] EDIT iPayMaster/controllers/form.py: 0
[2019-03-21 10:24:55] EDIT iPayMaster/controllers/form.py: 1
[2019-03-21 10:25:23] EDIT iPayMaster/controllers/form.py: 0
[2019-03-21 10:26:12] EDIT iPayMaster/controllers/form.py: 1
[2019-03-21 10:26:53] EDIT iPayMaster/controllers/form.py: 0
[2019-03-21 10:27:14] EDIT iPayMaster/controllers/form.py: 0
[2019-03-21 10:28:03] EDIT iPayMaster/models/db1.py: 0
[2019-03-21 10:29:00] EDIT iPayMaster/controllers/form.py: 1
[2019-03-21 10:31:58] EDIT iPayMaster/controllers/form.py: 2
[2019-03-21 10:34:51] EDIT iPayMaster/controllers/form.py: 3
[2019-03-21 10:48:41] EDIT iPayMaster/controllers/form.py: 0
[2019-03-21 10:49:57] EDIT iPayMaster/controllers/form.py: 2
[2019-03-21 10:50:58] EDIT iPayMaster/controllers/form.py: 1
[2019-03-21 10:51:15] EDIT iPayMaster/controllers/form.py: -1
[2019-03-21 10:51:53] EDIT iPayMaster/models/db1.py: 0
[2019-03-21 10:52:22] EDIT iPayMaster/models/db1.py: 0
[2019-03-21 11:12:31] EDIT iPayMaster/controllers/process.py: 0
[2019-03-21 11:17:07] EDIT iPayMaster/controllers/form.py: 0
[2019-03-21 11:32:43] EDIT iPayMaster/controllers/form.py: 0
[2019-03-21 11:33:51] EDIT iPayMaster/controllers/form.py: 2
[2019-03-21 11:36:51] EDIT iPayMaster/controllers/form.py: 1
[2019-03-21 11:37:32] EDIT iPayMaster/controllers/form.py: 0
[2019-03-21 11:41:11] EDIT iPayMaster/controllers/form.py: 2
[2019-03-21 11:41:46] EDIT iPayMaster/controllers/form.py: 1
[2019-03-21 11:42:09] EDIT iPayMaster/controllers/form.py: 0
[2019-03-21 11:42:38] EDIT iPayMaster/controllers/form.py: 0
[2019-03-21 11:42:40] EDIT iPayMaster/controllers/form.py: 0
[2019-03-21 11:43:40] EDIT iPayMaster/controllers/form.py: 7
[2019-03-21 11:44:19] EDIT iPayMaster/controllers/form.py: 0
[2019-03-21 11:44:57] EDIT iPayMaster/controllers/form.py: 0
[2019-03-21 11:45:20] EDIT iPayMaster/controllers/form.py: 0
[2019-03-21 11:47:39] EDIT iPayMaster/controllers/form.py: 1
[2019-03-21 11:48:56] EDIT iPayMaster/controllers/form.py: 1
[2019-03-21 11:50:11] EDIT iPayMaster/controllers/form.py: 0
[2019-03-21 11:50:37] EDIT iPayMaster/controllers/form.py: 0
[2019-03-21 12:04:55] EDIT iPayMaster/models/menu.py: 0
[2019-03-21 12:05:10] EDIT iPayMaster/models/menu.py: 0
[2019-03-21 12:06:09] EDIT iPayMaster/models/menu.py: 1
[2019-03-21 12:07:00] EDIT iPayMaster/controllers/form.py: 0
[2019-03-21 12:07:08] EDIT iPayMaster/controllers/form.py: 0
[2019-03-21 12:08:06] EDIT iPayMaster/controllers/process.py: 0
[2019-03-21 12:13:29] EDIT iPayMaster/controllers/process.py: 9
[2019-03-21 12:14:27] CREATE process/salaryhistory.html: 0
[2019-03-21 12:14:49] EDIT iPayMaster/controllers/process.py: 0
[2019-03-21 12:15:18] EDIT iPayMaster/views/process/billslip.html: 0
[2019-03-21 12:15:46] EDIT iPayMaster/views/process/salaryhistory.html: -1
[2019-03-21 12:17:36] EDIT iPayMaster/controllers/process.py: 2
[2019-03-21 12:17:40] EDIT iPayMaster/views/process/salaryhistory.html: 0
[2019-03-21 12:18:49] EDIT iPayMaster/views/process/salaryhistory.html: 0
[2019-03-21 12:20:29] EDIT iPayMaster/controllers/process.py: 0
[2019-03-21 12:21:14] EDIT iPayMaster/models/menu.py: 0
[2019-03-21 12:22:18] EDIT iPayMaster/controllers/process.py: 0
[2019-03-21 12:25:03] EDIT iPayMaster/controllers/process.py: 2
[2019-03-21 12:25:12] EDIT iPayMaster/controllers/process.py: 0
[2019-03-21 12:25:47] EDIT iPayMaster/controllers/process.py: 0
[2019-03-21 12:26:09] EDIT iPayMaster/controllers/process.py: 0
[2019-03-21 12:27:13] EDIT iPayMaster/controllers/process.py: 0
[2019-03-21 12:27:32] EDIT iPayMaster/controllers/process.py: 0
[2019-03-21 12:28:00] EDIT iPayMaster/controllers/process.py: -1
[2019-03-21 12:29:14] EDIT iPayMaster/views/hadmin_layout.html: 0
[2019-03-21 12:30:06] EDIT iPayMaster/views/hadmin_layout.html: 0
[2019-03-21 12:30:34] EDIT iPayMaster/views/hadmin_layout.html: -6
[2019-03-21 13:48:57] EDIT iPayMaster/controllers/form.py: 0
[2019-03-21 14:27:10] EDIT iPayMaster/controllers/process.py: 2
[2019-03-21 14:27:47] EDIT iPayMaster/controllers/process.py: 0
[2019-03-21 14:29:48] EDIT iPayMaster/controllers/process.py: -1
[2019-03-21 14:37:10] EDIT iPayMaster/controllers/process.py: 4
[2019-03-21 14:38:20] EDIT iPayMaster/controllers/process.py: 0
[2019-03-21 14:42:19] EDIT iPayMaster/controllers/process.py: 0
[2019-03-21 14:43:06] EDIT iPayMaster/views/process/salaryhistory.html: 1
[2019-03-21 14:44:57] EDIT iPayMaster/views/process/salaryhistory.html: -1
[2019-03-21 14:45:57] EDIT iPayMaster/controllers/process.py: 1
[2019-03-21 14:46:34] EDIT iPayMaster/controllers/process.py: 0
[2019-03-21 14:46:41] EDIT iPayMaster/controllers/process.py: 0
[2019-03-21 14:50:10] EDIT iPayMaster/controllers/process.py: -1
[2019-03-21 14:50:49] EDIT iPayMaster/views/process/salaryhistory.html: 1
[2019-03-21 14:51:25] EDIT iPayMaster/controllers/process.py: 0
[2019-03-21 14:57:36] EDIT iPayMaster/controllers/process.py: 0
[2019-03-21 14:57:57] EDIT iPayMaster/controllers/process.py: 0
[2019-03-21 14:58:51] EDIT iPayMaster/views/process/salaryhistory.html: 0
[2019-03-21 14:59:57] EDIT iPayMaster/views/process/salaryhistory.html: 2
[2019-03-21 15:01:22] EDIT iPayMaster/controllers/process.py: 1
[2019-03-21 15:02:57] EDIT iPayMaster/controllers/process.py: 0
[2019-03-21 15:03:24] EDIT iPayMaster/controllers/process.py: 0
[2019-03-21 15:05:28] EDIT iPayMaster/controllers/process.py: 2
[2019-03-21 15:05:55] EDIT iPayMaster/views/process/salaryhistory.html: 0
[2019-03-21 15:05:56] EDIT iPayMaster/views/process/salaryhistory.html: 0
[2019-03-21 15:08:43] EDIT iPayMaster/controllers/process.py: 0
[2019-03-21 15:16:19] EDIT iPayMaster/controllers/process.py: 2
[2019-03-21 15:30:03] EDIT iPayMaster/controllers/process.py: 0
[2019-03-21 15:32:51] EDIT iPayMaster/controllers/process.py: 0
[2019-03-22 06:29:55] EDIT iPayMaster/controllers/process.py: 0
[2019-03-22 06:30:03] EDIT iPayMaster/controllers/process.py: 0
[2019-03-22 06:32:32] EDIT iPayMaster/controllers/process.py: 0
[2019-03-22 06:42:13] EDIT iPayMaster/models/db1.py: 0
[2019-03-22 06:43:36] EDIT iPayMaster/controllers/process.py: 6
[2019-03-22 06:44:08] EDIT iPayMaster/views/process/salaryhistory.html: 1
[2019-03-22 06:46:23] EDIT iPayMaster/controllers/process.py: 1
[2019-03-22 06:47:30] EDIT iPayMaster/controllers/process.py: -2
[2019-03-22 06:48:12] EDIT iPayMaster/controllers/process.py: 0
[2019-03-22 06:48:34] EDIT iPayMaster/models/db1.py: 0
[2019-03-22 06:49:14] EDIT iPayMaster/controllers/process.py: 0
[2019-03-22 06:50:35] EDIT iPayMaster/controllers/process.py: 1
[2019-03-22 06:54:05] EDIT iPayMaster/controllers/process.py: 1
[2019-03-22 06:54:57] EDIT iPayMaster/controllers/process.py: 0
[2019-03-22 07:03:09] EDIT iPayMaster/controllers/process.py: 0
[2019-03-22 09:48:41] EDIT iPayMaster/controllers/process.py: 2
[2019-03-22 09:55:34] EDIT iPayMaster/controllers/process.py: 1
[2019-03-22 09:56:27] EDIT iPayMaster/controllers/process.py: 2
[2019-03-22 10:00:38] EDIT iPayMaster/controllers/process.py: 0
[2019-03-22 10:04:22] EDIT iPayMaster/controllers/process.py: -1
[2019-03-22 10:05:02] EDIT iPayMaster/views/process/salaryhistory.html: -3
[2019-03-22 10:07:27] EDIT iPayMaster/controllers/process.py: 0
[2019-03-22 10:07:29] EDIT iPayMaster/controllers/process.py: 0
[2019-03-22 10:09:47] EDIT iPayMaster/models/db1.py: 0
[2019-03-22 10:10:11] EDIT iPayMaster/models/db1.py: 0
[2019-03-22 10:10:18] EDIT iPayMaster/models/db1.py: 0
[2019-03-22 10:10:21] EDIT iPayMaster/models/db1.py: 0
[2019-03-22 10:11:20] EDIT iPayMaster/controllers/form.py: 0
[2019-03-22 10:12:24] EDIT iPayMaster/controllers/process.py: 0
[2019-03-22 10:19:18] EDIT iPayMaster/views/hadmin_layout.html: 0
[2019-03-22 10:24:26] EDIT iPayMaster/models/db1.py: 0
[2019-03-22 10:33:27] EDIT iPayMaster/controllers/process.py: 0
[2019-03-22 10:40:45] EDIT iPayMaster/views/default/index.html: 0
[2019-03-22 10:40:57] EDIT iPayMaster/views/default/index.html: 0
[2019-03-22 10:46:38] EDIT iPayMaster/controllers/process.py: 0
[2019-03-22 10:48:10] EDIT iPayMaster/models/db1.py: 0
[2019-03-22 10:51:41] EDIT iPayMaster/controllers/process.py: 1
[2019-03-22 10:54:56] EDIT iPayMaster/controllers/process.py: 0
[2019-03-22 11:05:21] EDIT iPayMaster/controllers/process.py: 0
[2019-03-22 11:08:00] EDIT iPayMaster/controllers/process.py: 1
[2019-03-22 11:09:22] EDIT iPayMaster/controllers/process.py: -2
[2019-03-22 11:11:11] EDIT iPayMaster/controllers/process.py: 1
[2019-03-22 11:11:35] EDIT iPayMaster/controllers/process.py: 0
[2019-03-22 11:18:13] EDIT iPayMaster/controllers/process.py: 1
[2019-03-22 11:20:04] EDIT iPayMaster/controllers/process.py: 0
[2019-03-22 11:20:19] EDIT iPayMaster/controllers/process.py: 0
[2019-03-22 11:26:24] EDIT iPayMaster/controllers/form.py: 0
[2019-03-22 11:27:10] EDIT iPayMaster/controllers/form.py: 0
[2019-03-22 11:32:03] EDIT iPayMaster/controllers/form.py: -2
[2019-03-22 11:32:19] EDIT iPayMaster/controllers/process.py: 0
[2019-03-22 11:34:04] EDIT iPayMaster/controllers/form.py: -1
[2019-03-22 11:34:16] EDIT iPayMaster/controllers/form.py: 0
[2019-03-22 11:34:23] EDIT iPayMaster/controllers/form.py: 0
[2019-03-22 11:34:41] EDIT iPayMaster/controllers/form.py: 0
[2019-03-22 11:37:23] EDIT iPayMaster/controllers/form.py: 2
[2019-03-22 11:38:06] EDIT iPayMaster/controllers/form.py: 0
[2019-03-22 13:01:50] EDIT iPayMaster/controllers/form.py: 0
[2019-03-22 13:05:54] EDIT iPayMaster/controllers/form.py: 3
[2019-03-22 13:07:36] EDIT iPayMaster/controllers/form.py: 0
[2019-03-22 13:09:54] EDIT iPayMaster/controllers/process.py: 2
[2019-03-22 13:14:14] EDIT iPayMaster/controllers/process.py: 0
[2019-03-22 13:14:54] EDIT iPayMaster/controllers/form.py: 0
[2019-03-22 13:16:12] EDIT iPayMaster/controllers/form.py: 0
[2019-03-22 13:17:31] EDIT iPayMaster/controllers/form.py: 0
[2019-03-22 13:19:11] EDIT iPayMaster/controllers/form.py: 0
[2019-03-22 13:21:46] EDIT iPayMaster/controllers/form.py: 0
[2019-03-22 13:22:20] EDIT iPayMaster/controllers/form.py: 0
[2019-03-22 13:27:43] EDIT iPayMaster/controllers/process.py: 0
[2019-03-22 13:28:41] EDIT iPayMaster/controllers/process.py: 25
[2019-03-22 13:30:02] EDIT iPayMaster/controllers/process.py: -21
[2019-03-22 13:30:50] EDIT iPayMaster/controllers/form.py: 0
[2019-03-22 13:32:29] EDIT iPayMaster/controllers/form.py: 0
[2019-03-22 13:33:15] EDIT iPayMaster/controllers/form.py: 0
[2019-03-22 13:33:23] EDIT iPayMaster/controllers/form.py: 0
[2019-03-22 13:34:08] EDIT iPayMaster/controllers/process.py: 0
[2019-03-22 13:34:15] EDIT iPayMaster/controllers/process.py: 0
[2019-03-22 13:35:02] EDIT iPayMaster/controllers/form.py: 0
[2019-03-22 13:35:30] EDIT iPayMaster/controllers/process.py: 0
[2019-03-22 13:37:04] EDIT iPayMaster/controllers/process.py: 1
[2019-03-22 13:38:32] EDIT iPayMaster/controllers/process.py: 0
[2019-03-22 13:41:08] EDIT iPayMaster/controllers/process.py: 1
[2019-03-22 13:43:07] EDIT iPayMaster/models/menu.py: 0
[2019-03-22 13:44:14] EDIT iPayMaster/models/menu.py: 7
[2019-03-22 13:44:36] EDIT iPayMaster/models/menu.py: -1
[2019-03-22 13:45:06] EDIT iPayMaster/models/menu.py: 1
[2019-03-22 13:46:42] EDIT iPayMaster/models/menu.py: 0
[2019-03-22 13:53:47] EDIT iPayMaster/controllers/form.py: 2
[2019-03-22 13:54:02] EDIT iPayMaster/models/menu.py: 0
[2019-03-22 13:54:43] EDIT iPayMaster/models/menu.py: -3
[2019-03-22 13:57:14] EDIT iPayMaster/controllers/process.py: 0
[2019-03-22 13:57:32] EDIT iPayMaster/controllers/form.py: 0
[2019-03-22 13:59:52] EDIT iPayMaster/controllers/form.py: 17
[2019-03-22 14:00:43] EDIT iPayMaster/controllers/form.py: 0
[2019-03-22 14:23:03] EDIT iPayMaster/controllers/form.py: 0
[2019-03-22 14:29:50] EDIT iPayMaster/controllers/process.py: 1
[2019-03-22 14:30:56] EDIT iPayMaster/controllers/process.py: 8
[2019-03-22 14:31:33] EDIT iPayMaster/controllers/process.py: 0
[2019-03-22 14:37:41] EDIT iPayMaster/controllers/process.py: -9
[2019-03-22 14:37:59] EDIT iPayMaster/controllers/process.py: -1
[2019-03-22 14:39:22] EDIT iPayMaster/controllers/form.py: -6
[2019-03-22 14:39:25] EDIT iPayMaster/controllers/process.py: 0
[2019-03-22 14:44:12] EDIT iPayMaster/controllers/process.py: 0
[2019-03-22 14:44:14] EDIT iPayMaster/controllers/form.py: 0
[2019-03-22 14:44:20] EDIT iPayMaster/controllers/form.py: 0
[2019-03-22 14:44:35] EDIT iPayMaster/controllers/form.py: 0
[2019-03-22 14:45:04] EDIT iPayMaster/controllers/form.py: 0
[2019-03-22 14:46:26] EDIT iPayMaster/controllers/form.py: 0
[2019-03-22 14:48:56] EDIT iPayMaster/controllers/form.py: 0
[2019-03-22 14:48:58] EDIT iPayMaster/controllers/process.py: 0
[2019-03-23 10:46:40] CREATE form/pviewbills.html: 0
[2019-03-23 10:47:19] EDIT iPayMaster/views/form/pviewbills.html: -1
[2019-03-23 10:50:45] EDIT iPayMaster/controllers/form.py: 0
[2019-03-23 10:51:05] EDIT iPayMaster/controllers/process.py: 0
[2019-03-23 10:52:05] EDIT iPayMaster/controllers/process.py: 0
[2019-03-23 10:52:05] EDIT iPayMaster/controllers/process.py: 0
[2019-03-23 10:55:52] EDIT iPayMaster/controllers/form.py: 0
[2019-03-23 10:56:23] EDIT iPayMaster/controllers/process.py: 0
[2019-03-23 10:56:48] EDIT iPayMaster/controllers/process.py: 0
[2019-03-23 10:56:48] EDIT iPayMaster/controllers/process.py: 0
[2019-03-23 10:57:08] EDIT iPayMaster/controllers/form.py: 0
[2019-03-23 10:57:33] EDIT iPayMaster/controllers/form.py: 0
[2019-03-23 10:57:42] EDIT iPayMaster/controllers/form.py: 0
[2019-03-23 10:58:13] EDIT iPayMaster/controllers/form.py: 0
[2019-03-23 10:58:18] EDIT iPayMaster/controllers/form.py: 0
[2019-03-23 10:58:20] EDIT iPayMaster/controllers/form.py: 0
[2019-03-23 10:58:20] EDIT iPayMaster/controllers/form.py: 0
[2019-03-23 10:59:29] EDIT iPayMaster/controllers/process.py: 0
[2019-03-23 11:00:04] EDIT iPayMaster/controllers/form.py: 0
[2019-03-23 11:01:01] EDIT iPayMaster/controllers/form.py: 0
[2019-03-23 11:01:40] EDIT iPayMaster/controllers/process.py: 0
[2019-03-23 11:02:34] EDIT iPayMaster/controllers/form.py: 0
[2019-03-23 11:03:50] EDIT iPayMaster/controllers/form.py: 0
[2019-03-23 11:03:52] EDIT iPayMaster/controllers/process.py: 0
[2019-03-23 11:05:53] EDIT iPayMaster/controllers/form.py: 0
[2019-03-23 11:08:37] EDIT iPayMaster/controllers/form.py: 1
[2019-03-23 11:09:18] EDIT iPayMaster/controllers/form.py: 0
[2019-03-23 11:12:25] EDIT iPayMaster/controllers/form.py: 1
[2019-03-23 11:12:55] EDIT iPayMaster/controllers/form.py: 0
[2019-03-23 11:13:13] EDIT iPayMaster/controllers/form.py: 0
[2019-03-23 11:14:21] EDIT iPayMaster/controllers/form.py: 0
[2019-03-23 11:14:53] EDIT iPayMaster/controllers/form.py: 0
[2019-03-23 11:17:08] EDIT iPayMaster/views/form/pviewbills.html: 0
[2019-03-23 11:17:20] EDIT iPayMaster/views/form/pviewbills.html: 0
[2019-03-23 11:17:24] EDIT iPayMaster/views/form/pviewbills.html: 0
[2019-03-25 10:25:23] EDIT iPayMaster/controllers/form.py: 0
[2019-03-25 10:40:56] DELETE iPayMaster/views/form/pviewbills.html.1: -2
[2019-03-25 11:49:14] EDIT iPayMaster/views/hadmin_layout.html: 0
[2019-03-25 11:53:48] EDIT iPayMaster/views/hadmin_layout.html: 0
[2019-03-25 11:54:37] EDIT iPayMaster/views/hadmin_layout.html: 0
[2019-03-25 11:56:42] EDIT iPayMaster/controllers/default.py: 0
[2019-03-25 11:56:48] EDIT iPayMaster/controllers/default.py: 0
[2019-03-25 11:56:55] EDIT iPayMaster/controllers/default.py: 0
[2019-03-25 11:57:33] EDIT iPayMaster/views/hadmin_layout.html: 0
[2019-03-25 11:57:38] EDIT iPayMaster/views/hadmin_layout.html: 0
[2019-03-25 11:57:44] EDIT iPayMaster/views/hadmin_layout.html: 0
[2019-03-25 12:00:07] EDIT iPayMaster/views/hadmin_layout.html: 0
[2019-03-25 12:02:03] EDIT iPayMaster/models/menu.py: 0
[2019-03-25 12:02:10] EDIT iPayMaster/models/menu.py: 0
[2019-03-25 12:08:59] EDIT iPayMaster/controllers/process.py: 0
[2019-03-25 12:09:06] EDIT iPayMaster/controllers/process.py: 0
[2019-03-25 12:17:31] EDIT iPayMaster/views/hadmin_layout.html: 0
[2019-03-25 12:18:15] EDIT iPayMaster/controllers/default.py: 0
[2019-03-25 12:18:46] EDIT iPayMaster/views/hadmin_layout.html: 0
[2019-03-25 12:18:55] EDIT iPayMaster/views/hadmin_layout.html: 0
[2019-03-25 13:34:49] EDIT iPayMaster/views/hadmin_layout.html: 0
[2019-03-25 13:42:26] EDIT iPayMaster/models/menu.py: 0
[2019-03-25 13:43:17] EDIT iPayMaster/models/menu.py: 4
[2019-03-25 13:43:36] EDIT iPayMaster/models/menu.py: 0
[2019-03-25 13:43:53] EDIT iPayMaster/models/menu.py: 0
[2019-03-25 13:47:18] EDIT iPayMaster/models/menu.py: 0
[2019-03-25 13:47:29] EDIT iPayMaster/models/menu.py: 0
[2019-03-25 13:47:34] EDIT iPayMaster/models/menu.py: 0
[2019-03-25 13:47:34] EDIT iPayMaster/models/menu.py: 0
[2019-03-25 13:50:23] EDIT iPayMaster/views/hadmin_layout.html: 0
[2019-03-25 13:52:41] EDIT iPayMaster/views/hadmin_layout.html: 2
[2019-03-25 13:55:05] EDIT iPayMaster/views/hadmin_layout.html: 0
[2019-03-25 13:55:22] EDIT iPayMaster/views/hadmin_layout.html: 0
[2019-03-25 13:55:35] EDIT iPayMaster/views/hadmin_layout.html: 0
[2019-03-25 13:57:27] EDIT iPayMaster/views/hadmin_layout.html: -2
[2019-03-25 14:24:19] EDIT iPayMaster/views/hadmin_layout.html: 0
[2019-03-25 14:24:26] EDIT iPayMaster/views/hadmin_layout.html: 0
[2019-03-25 15:03:04] EDIT iPayMaster/views/hadmin_layout.html: 2
[2019-03-25 15:08:25] EDIT iPayMaster/views/hadmin_layout.html: 37
[2019-03-25 15:10:15] EDIT iPayMaster/views/hadmin_layout.html: 1
[2019-03-25 15:15:09] EDIT iPayMaster/views/hadmin_layout.html: 1
[2019-03-25 15:16:21] EDIT iPayMaster/views/hadmin_layout.html: -1
[2019-03-25 15:18:12] EDIT iPayMaster/views/hadmin_layout.html: 0
[2019-03-25 15:29:19] EDIT iPayMaster/views/hadmin_layout.html: 0
[2019-03-25 15:29:20] EDIT iPayMaster/views/hadmin_layout.html: 0
[2019-03-25 15:30:03] EDIT iPayMaster/views/hadmin_layout.html: 0
[2019-03-25 15:38:09] EDIT iPayMaster/views/hadmin_layout.html: 1
[2019-03-25 15:39:39] EDIT iPayMaster/views/default/index.html: 0
[2019-03-25 15:39:45] EDIT iPayMaster/views/default/index.html: 0
[2019-03-25 15:39:52] EDIT iPayMaster/views/default/index.html: 0
[2019-03-26 06:22:05] EDIT iPayMaster/views/hadmin_layout.html: -41
[2019-03-26 06:23:29] EDIT iPayMaster/views/hadmin_layout.html: 0
[2019-03-26 06:24:26] EDIT iPayMaster/controllers/form.py: 0
[2019-03-26 06:24:33] EDIT iPayMaster/controllers/form.py: 0
[2019-03-26 06:27:13] EDIT iPayMaster/controllers/form.py: 4
[2019-03-26 06:28:44] EDIT iPayMaster/controllers/process.py: 8
[2019-03-26 06:29:02] EDIT iPayMaster/controllers/form.py: 0
[2019-03-26 06:29:09] EDIT iPayMaster/controllers/form.py: 0
[2019-03-26 06:29:44] EDIT iPayMaster/controllers/process.py: 0
[2019-03-26 06:30:31] EDIT iPayMaster/controllers/process.py: 0
[2019-03-26 06:32:59] EDIT iPayMaster/views/form/pviewbills.html: 0
[2019-03-26 06:33:05] EDIT iPayMaster/views/form/pviewbills.html: 0
[2019-03-26 06:33:38] EDIT iPayMaster/views/hadmin_layout.html: 0
[2019-03-26 06:34:06] EDIT iPayMaster/views/hadmin_layout.html: 0
[2019-03-26 06:34:12] EDIT iPayMaster/views/hadmin_layout.html: 0
[2019-03-26 06:34:55] EDIT iPayMaster/views/hadmin_layout.html: 0
[2019-03-26 06:36:54] EDIT iPayMaster/views/hadmin_layout.html: 0
[2019-03-26 06:50:22] EDIT iPayMaster/controllers/process.py: 0
[2019-03-26 06:52:28] EDIT iPayMaster/controllers/form.py: 0
[2019-03-26 06:52:35] EDIT iPayMaster/controllers/form.py: 0
[2019-03-26 06:52:51] EDIT iPayMaster/controllers/form.py: 0
[2019-03-26 06:52:58] EDIT iPayMaster/controllers/form.py: 0
[2019-03-26 06:56:16] EDIT iPayMaster/views/form/pviewbills.html: 0
[2019-03-26 10:11:08] EDIT iPayMaster/views/default/index.html: 0
[2019-03-26 10:16:12] EDIT iPayMaster/views/hadmin_layout.html: 40
[2019-03-26 10:18:34] EDIT iPayMaster/views/hadmin_layout.html: 0
[2019-03-26 10:19:56] EDIT iPayMaster/models/menu.py: 1
[2019-03-26 10:20:51] EDIT iPayMaster/controllers/form.py: 0
[2019-03-26 10:22:20] EDIT iPayMaster/controllers/form.py: 19
[2019-03-26 10:22:55] EDIT iPayMaster/models/menu.py: 0
[2019-03-26 10:24:07] EDIT iPayMaster/models/menu.py: 0
[2019-03-26 10:24:36] EDIT iPayMaster/controllers/form.py: 0
[2019-03-26 10:29:35] EDIT iPayMaster/models/db1.py: 0
[2019-03-26 10:35:42] EDIT iPayMaster/controllers/form.py: 3
[2019-03-26 10:35:56] EDIT iPayMaster/controllers/form.py: 0
[2019-03-26 10:36:29] EDIT iPayMaster/controllers/form.py: 0
[2019-03-26 10:38:37] EDIT iPayMaster/controllers/form.py: 0
[2019-03-26 10:39:39] EDIT iPayMaster/controllers/form.py: 0
[2019-03-26 10:40:17] EDIT iPayMaster/controllers/process.py: 0
[2019-03-26 10:43:33] EDIT iPayMaster/controllers/form.py: 0
[2019-03-26 10:44:04] EDIT iPayMaster/controllers/form.py: 0
[2019-03-26 10:44:44] CREATE form/pviewleave.html: 0
[2019-03-26 10:45:01] EDIT iPayMaster/views/form/pviewleave.html: -1
[2019-03-26 10:45:51] EDIT iPayMaster/views/form/pviewleave.html: 0
[2019-03-26 10:46:19] EDIT iPayMaster/controllers/form.py: 0
[2019-03-26 10:46:20] EDIT iPayMaster/controllers/form.py: 0
[2019-03-26 10:47:01] EDIT iPayMaster/views/form/pviewleave.html: 0
[2019-03-26 10:47:49] EDIT iPayMaster/controllers/form.py: 0
[2019-03-26 10:49:06] EDIT iPayMaster/controllers/process.py: 8
[2019-03-26 10:49:45] EDIT iPayMaster/controllers/process.py: 0
[2019-03-26 10:49:46] EDIT iPayMaster/controllers/process.py: 0
[2019-03-26 10:50:42] EDIT iPayMaster/views/form/pviewleave.html: 0
[2019-03-26 10:51:54] EDIT iPayMaster/controllers/process.py: 0
[2019-03-26 10:52:16] EDIT iPayMaster/controllers/process.py: 0
[2019-03-26 10:52:30] EDIT iPayMaster/controllers/process.py: 0
[2019-03-26 10:58:16] EDIT iPayMaster/controllers/form.py: 0
[2019-03-26 10:58:48] EDIT iPayMaster/controllers/form.py: 0
[2019-03-26 10:59:11] EDIT iPayMaster/controllers/form.py: 0
[2019-03-26 10:59:19] EDIT iPayMaster/controllers/form.py: 0
[2019-03-26 11:22:47] EDIT iPayMaster/models/menu.py: 0
[2019-03-26 11:23:13] EDIT iPayMaster/controllers/form.py: 0
[2019-03-26 11:23:24] EDIT iPayMaster/controllers/form.py: 0
[2019-03-26 11:23:51] EDIT iPayMaster/controllers/process.py: 8
[2019-03-26 11:25:02] EDIT iPayMaster/controllers/process.py: 0
[2019-03-26 11:49:26] EDIT iPayMaster/views/hadmin_layout.html: 0
[2019-03-26 11:50:32] EDIT iPayMaster/views/hadmin_layout.html: 2
[2019-03-26 11:53:01] EDIT iPayMaster/views/hadmin_layout.html: 0
[2019-03-26 11:53:28] EDIT iPayMaster/views/hadmin_layout.html: 0
[2019-03-26 11:54:38] EDIT iPayMaster/views/hadmin_layout.html: 0
[2019-03-26 11:55:45] EDIT iPayMaster/views/hadmin_layout.html: 0
[2019-03-26 11:57:24] EDIT iPayMaster/views/hadmin_layout.html: 0
[2019-03-26 11:59:18] EDIT iPayMaster/views/hadmin_layout.html: 0
[2019-03-26 12:03:27] EDIT iPayMaster/views/hadmin_layout.html: -2
[2019-03-26 12:04:17] EDIT iPayMaster/views/default/user.html: 0
[2019-03-26 12:05:32] EDIT iPayMaster/controllers/default.py: 0
[2019-03-26 12:06:00] EDIT iPayMaster/models/menu.py: 0
[2019-03-26 12:08:05] EDIT iPayMaster/models/menu.py: 1
[2019-03-26 12:09:54] EDIT iPayMaster/models/menu.py: 0
[2019-03-26 12:10:27] EDIT iPayMaster/models/menu.py: 0
[2019-03-26 12:10:27] EDIT iPayMaster/models/menu.py: 0
[2019-03-26 12:13:01] EDIT iPayMaster/models/menu.py: 0
[2019-03-26 12:13:54] EDIT iPayMaster/views/default/user.html: 0
[2019-03-26 12:14:45] EDIT iPayMaster/views/hadmin_layout.html: 0
[2019-03-26 12:31:02] EDIT iPayMaster/views/hadmin_layout.html: 0
[2019-03-26 12:31:02] EDIT iPayMaster/views/hadmin_layout.html: 0
[2019-03-26 12:31:03] EDIT iPayMaster/views/hadmin_layout.html: 0
[2019-03-26 12:31:03] EDIT iPayMaster/views/hadmin_layout.html: 0
[2019-03-26 13:39:35] EDIT iPayMaster/models/db.py: 0
[2019-03-26 13:45:07] EDIT iPayMaster/models/db.py: 0
[2019-03-26 13:48:09] EDIT iPayMaster/views/default/user.html: 0
[2019-03-26 13:48:27] EDIT iPayMaster/views/default/user.html: 0
[2019-03-26 13:49:20] EDIT iPayMaster/models/menu.py: 0
[2019-03-26 13:49:27] EDIT iPayMaster/models/menu.py: 0
[2019-03-26 13:50:36] EDIT iPayMaster/models/menu.py: 0
[2019-03-26 13:51:14] EDIT iPayMaster/controllers/default.py: 0
[2019-03-26 13:59:48] EDIT iPayMaster/views/hadmin_layout.html: 0
[2019-03-26 14:03:12] EDIT iPayMaster/views/hadmin_layout.html: 2
[2019-03-26 14:03:33] EDIT iPayMaster/controllers/process.py: 0
[2019-03-26 14:05:39] EDIT iPayMaster/views/hadmin_layout.html: 0
[2019-03-26 14:05:39] EDIT iPayMaster/views/hadmin_layout.html: 0
[2019-03-26 14:06:54] EDIT iPayMaster/views/hadmin_layout.html: 1
[2019-03-26 14:08:21] EDIT iPayMaster/views/hadmin_layout.html: -1
[2019-03-26 14:08:56] EDIT iPayMaster/views/hadmin_layout.html: 1
[2019-03-26 14:09:27] EDIT iPayMaster/views/hadmin_layout.html: 0
[2019-03-26 14:09:46] EDIT iPayMaster/views/hadmin_layout.html: 0
[2019-03-26 14:10:56] EDIT iPayMaster/views/hadmin_layout.html: 0
[2019-03-26 14:11:01] EDIT iPayMaster/views/hadmin_layout.html: 0
[2019-03-26 14:11:18] EDIT iPayMaster/views/hadmin_layout.html: 0
[2019-03-26 14:14:29] EDIT iPayMaster/views/hadmin_layout.html: 38
[2019-03-26 14:18:14] EDIT iPayMaster/views/hadmin_layout.html: 40
[2019-03-26 14:19:42] EDIT iPayMaster/views/hadmin_layout.html: 0
[2019-03-26 14:32:57] EDIT iPayMaster/models/menu.py: 0
[2019-03-26 14:33:33] EDIT iPayMaster/models/menu.py: 0
[2019-03-26 14:42:54] EDIT iPayMaster/views/default/user.html: 0
[2019-03-26 20:55:56] EDIT iPayMaster/controllers/default.py: 0
[2019-03-26 20:56:03] EDIT iPayMaster/controllers/default.py: 0
[2019-03-26 20:56:10] EDIT iPayMaster/controllers/default.py: 0
[2019-03-26 20:58:40] EDIT iPayMaster/controllers/default.py: 0
[2019-03-26 20:58:48] EDIT iPayMaster/controllers/default.py: 0
[2019-03-26 21:08:51] EDIT iPayMaster/views/generic.html: 0
[2019-03-26 21:08:58] EDIT iPayMaster/views/generic.html: 0
[2019-03-26 21:09:04] EDIT iPayMaster/views/generic.html: 0
[2019-03-26 21:10:20] EDIT iPayMaster/controllers/process.py: 0
[2019-03-26 21:10:26] EDIT iPayMaster/controllers/process.py: 0
[2019-03-26 21:20:36] EDIT iPayMaster/models/menu.py: 0
[2019-03-26 21:20:46] EDIT iPayMaster/models/menu.py: 0
[2019-03-26 21:38:54] EDIT iPayMaster/models/menu.py: 0
[2019-03-27 11:55:21] EDIT iPayMaster/controllers/process.py: 0
[2019-03-27 11:56:41] EDIT iPayMaster/controllers/process.py: 0
[2019-03-27 11:56:51] EDIT iPayMaster/controllers/process.py: 0
[2019-03-27 12:04:33] EDIT iPayMaster/controllers/form.py: 0
[2019-03-27 12:05:14] EDIT iPayMaster/controllers/process.py: 0
[2019-03-27 12:06:14] EDIT iPayMaster/controllers/form.py: 33
[2019-03-27 12:07:11] EDIT iPayMaster/controllers/form.py: 0
[2019-03-27 12:07:12] EDIT iPayMaster/controllers/form.py: 0
[2019-03-27 12:09:50] EDIT iPayMaster/controllers/form.py: 0
[2019-03-27 12:13:00] EDIT iPayMaster/controllers/form.py: 0
[2019-03-27 12:13:32] CREATE form/signup.html: 0
[2019-03-27 12:14:06] EDIT iPayMaster/views/form/signup.html: -1
[2019-03-27 12:15:09] EDIT iPayMaster/controllers/form.py: 0
[2019-03-27 12:15:43] EDIT iPayMaster/views/form/signup.html: 0
[2019-03-27 12:16:11] EDIT iPayMaster/controllers/form.py: 0
[2019-03-27 12:16:47] EDIT iPayMaster/controllers/form.py: 0
[2019-03-27 12:17:15] EDIT iPayMaster/controllers/form.py: 1
[2019-03-27 12:19:05] EDIT iPayMaster/controllers/form.py: 0
[2019-03-27 12:19:42] EDIT iPayMaster/controllers/form.py: 1
[2019-03-27 12:20:15] EDIT iPayMaster/controllers/form.py: 0
[2019-03-27 12:20:27] EDIT iPayMaster/controllers/form.py: 1
[2019-03-27 12:21:40] EDIT iPayMaster/controllers/form.py: 0
[2019-03-27 12:24:10] EDIT iPayMaster/controllers/form.py: 0
[2019-03-27 12:26:00] EDIT iPayMaster/controllers/form.py: -6
[2019-03-27 12:26:24] EDIT iPayMaster/controllers/form.py: 0
[2019-03-27 12:26:30] EDIT iPayMaster/controllers/form.py: 0
[2019-03-27 12:26:37] EDIT iPayMaster/controllers/form.py: 0
[2019-03-27 12:28:58] EDIT iPayMaster/controllers/form.py: 0
[2019-03-27 12:48:48] EDIT iPayMaster/controllers/form.py: -4
[2019-03-27 12:50:12] EDIT iPayMaster/models/db.py: 0
[2019-03-27 12:50:27] EDIT iPayMaster/models/db.py: 0
[2019-03-27 12:51:33] EDIT iPayMaster/controllers/process.py: 0
[2019-03-27 12:57:06] EDIT iPayMaster/controllers/form.py: 0
[2019-03-27 12:58:11] EDIT iPayMaster/controllers/form.py: -8
[2019-03-27 12:58:34] EDIT iPayMaster/views/form/signup.html: 2
[2019-03-27 12:59:39] EDIT iPayMaster/controllers/form.py: 0
[2019-03-27 12:59:45] EDIT iPayMaster/controllers/form.py: 0
[2019-03-27 12:59:53] EDIT iPayMaster/controllers/form.py: 0
[2019-03-27 13:00:02] EDIT iPayMaster/controllers/form.py: 0
[2019-03-27 13:00:20] EDIT iPayMaster/controllers/form.py: 0
[2019-03-27 13:00:59] EDIT iPayMaster/controllers/form.py: 0
[2019-03-27 13:01:06] EDIT iPayMaster/controllers/form.py: 0
[2019-03-27 13:01:27] EDIT iPayMaster/controllers/form.py: 0
[2019-03-27 13:02:19] EDIT iPayMaster/controllers/form.py: 0
[2019-03-27 13:02:26] EDIT iPayMaster/controllers/form.py: 0
[2019-03-27 13:03:12] EDIT iPayMaster/controllers/form.py: 1
[2019-03-27 13:06:29] EDIT iPayMaster/views/form/signup.html: -2
[2019-03-27 13:06:35] EDIT iPayMaster/controllers/form.py: 0
[2019-03-27 13:08:08] EDIT iPayMaster/controllers/form.py: -1
[2019-03-27 13:10:01] EDIT iPayMaster/controllers/process.py: 0
[2019-03-27 13:10:55] EDIT iPayMaster/controllers/form.py: 1
[2019-03-27 13:12:25] EDIT iPayMaster/controllers/form.py: 8
[2019-03-27 13:13:36] EDIT iPayMaster/controllers/form.py: -2
[2019-03-27 13:15:09] EDIT iPayMaster/controllers/form.py: 0
[2019-03-27 13:16:16] EDIT iPayMaster/controllers/form.py: 0
[2019-03-27 13:17:50] EDIT iPayMaster/controllers/form.py: 0
[2019-03-27 13:23:12] EDIT iPayMaster/controllers/form.py: -6
[2019-03-27 13:23:27] EDIT iPayMaster/controllers/form.py: 0
[2019-03-27 13:23:54] EDIT iPayMaster/views/form/signup.html: 1
[2019-03-27 13:24:17] EDIT iPayMaster/controllers/form.py: 0
[2019-03-27 13:24:28] EDIT iPayMaster/controllers/form.py: 1
[2019-03-27 13:25:45] EDIT iPayMaster/controllers/form.py: 5
[2019-03-27 13:26:43] EDIT iPayMaster/views/form/signup.html: -1
[2019-03-27 13:27:51] EDIT iPayMaster/controllers/form.py: 0
[2019-03-27 13:37:14] EDIT iPayMaster/views/hadmin_layout.html: 0
[2019-03-27 13:37:22] EDIT iPayMaster/views/hadmin_layout.html: 0
[2019-03-27 13:47:24] EDIT iPayMaster/models/menu.py: 0
[2019-03-27 13:47:31] EDIT iPayMaster/models/menu.py: 0
[2019-03-27 13:47:41] EDIT iPayMaster/models/menu.py: 0
[2019-03-27 13:48:59] EDIT iPayMaster/models/menu.py: 1
[2019-03-27 13:55:15] EDIT iPayMaster/controllers/form.py: 11
[2019-03-27 13:55:27] EDIT iPayMaster/controllers/form.py: 0
[2019-03-27 13:55:52] CREATE form/eviewleave.html: 0
[2019-03-27 13:56:14] EDIT iPayMaster/views/form/eviewleave.html: -1
[2019-03-27 13:56:31] EDIT iPayMaster/views/form/eviewleave.html: 0
[2019-03-27 13:56:35] EDIT iPayMaster/views/form/eviewleave.html: 0
[2019-03-27 13:56:38] EDIT iPayMaster/views/form/eviewleave.html: 0
[2019-03-27 13:56:41] EDIT iPayMaster/views/form/eviewleave.html: 0
[2019-03-27 13:56:45] EDIT iPayMaster/views/form/eviewleave.html: 0
[2019-03-27 13:56:48] EDIT iPayMaster/views/form/eviewleave.html: 0
[2019-03-27 13:57:18] DELETE iPayMaster/views/form/eviewleave.html.1: -2
[2019-03-27 13:58:36] EDIT iPayMaster/models/menu.py: 0
[2019-03-27 13:58:56] EDIT iPayMaster/models/menu.py: 0
[2019-03-27 14:00:07] EDIT iPayMaster/views/form/eviewleave.html: 0
[2019-03-27 14:01:36] EDIT iPayMaster/controllers/form.py: 0
[2019-03-27 14:02:41] EDIT iPayMaster/controllers/form.py: 0
[2019-03-27 14:03:11] EDIT iPayMaster/models/menu.py: 0
[2019-03-27 14:03:20] EDIT iPayMaster/models/menu.py: 0
[2019-03-27 14:03:51] EDIT iPayMaster/models/menu.py: 0
[2019-03-27 14:04:34] EDIT iPayMaster/controllers/form.py: 25
[2019-03-27 14:05:02] EDIT iPayMaster/models/menu.py: 0
[2019-03-27 14:11:27] EDIT iPayMaster/controllers/form.py: 4
[2019-03-27 14:12:24] EDIT iPayMaster/controllers/form.py: 0
[2019-03-27 14:12:48] EDIT iPayMaster/controllers/form.py: -10
[2019-03-27 14:13:37] EDIT iPayMaster/models/menu.py: 0
[2019-03-27 14:13:45] EDIT iPayMaster/models/menu.py: 0
[2019-03-27 14:13:51] EDIT iPayMaster/models/menu.py: 0
[2019-03-27 14:30:42] EDIT iPayMaster/views/form/eviewleave.html: 1
[2019-03-27 14:30:55] EDIT iPayMaster/views/form/eviewleave.html: 0
[2019-03-27 14:31:40] DELETE iPayMaster/views/form/eviewleave.html.1: -3
[2019-03-27 14:33:47] EDIT iPayMaster/controllers/form.py: 1
[2019-03-27 14:34:41] EDIT iPayMaster/views/form/eviewleave.html: 0
[2019-03-27 14:34:55] EDIT iPayMaster/controllers/form.py: 1
[2019-03-27 14:35:45] EDIT iPayMaster/controllers/form.py: 0
[2019-03-27 14:36:26] EDIT iPayMaster/views/form/eviewleave.html: -1
[2019-03-27 14:37:07] EDIT iPayMaster/controllers/form.py: 0
[2019-03-27 14:42:07] EDIT iPayMaster/controllers/form.py: 0
[2019-03-27 14:42:44] CREATE form/applylve.html: 0
[2019-03-27 14:43:29] EDIT iPayMaster/views/form/applylve.html: -1
[2019-03-27 14:44:45] EDIT iPayMaster/controllers/form.py: 0
[2019-03-27 14:45:13] EDIT iPayMaster/views/form/applylve.html: 0
[2019-03-27 14:45:27] EDIT iPayMaster/controllers/form.py: 0
[2019-03-27 14:53:15] EDIT iPayMaster/controllers/form.py: 0
[2019-03-27 14:53:53] EDIT iPayMaster/controllers/form.py: 3
[2019-03-27 14:55:05] EDIT iPayMaster/controllers/form.py: 0
[2019-03-27 14:57:34] EDIT iPayMaster/controllers/form.py: 0
[2019-03-27 14:57:54] EDIT iPayMaster/views/form/applylve.html: 0
[2019-03-27 14:57:57] EDIT iPayMaster/controllers/form.py: 0
[2019-03-27 14:58:11] EDIT iPayMaster/controllers/form.py: 0
[2019-03-27 15:00:18] EDIT iPayMaster/controllers/form.py: -1
[2019-03-27 15:00:34] EDIT iPayMaster/controllers/form.py: 1
[2019-03-27 15:00:38] EDIT iPayMaster/controllers/form.py: 0
[2019-03-27 15:04:51] EDIT iPayMaster/controllers/form.py: 1
[2019-03-27 15:05:11] EDIT iPayMaster/controllers/form.py: 0
[2019-03-27 15:07:15] EDIT iPayMaster/controllers/form.py: -1
[2019-03-27 15:07:46] EDIT iPayMaster/controllers/form.py: 0
[2019-03-27 15:08:49] EDIT iPayMaster/controllers/form.py: 0
[2019-03-27 15:09:19] EDIT iPayMaster/controllers/form.py: 0
[2019-03-29 18:46:12] EDIT iPayMaster/controllers/form.py: 0
[2019-03-29 18:48:06] EDIT iPayMaster/views/form/eviewleave.html: 1
[2019-03-29 18:49:38] EDIT iPayMaster/views/form/eviewleave.html: -1
[2019-03-29 18:50:28] EDIT iPayMaster/controllers/form.py: 0
[2019-03-29 18:50:49] EDIT iPayMaster/controllers/form.py: 0
[2019-03-29 18:51:27] EDIT iPayMaster/controllers/form.py: 0
[2019-03-29 18:54:15] EDIT iPayMaster/controllers/form.py: -1
[2019-03-29 18:55:49] EDIT iPayMaster/controllers/form.py: 0
[2019-03-29 18:56:51] EDIT iPayMaster/views/form/eviewleave.html: 1
[2019-03-29 18:57:10] EDIT iPayMaster/views/form/eviewleave.html: -1
[2019-03-29 18:59:00] EDIT iPayMaster/views/form/eviewleave.html: 0
[2019-03-29 19:00:56] EDIT iPayMaster/controllers/form.py: 1
[2019-03-29 19:01:12] EDIT iPayMaster/views/form/eviewleave.html: 1
[2019-03-29 19:01:29] EDIT iPayMaster/views/form/eviewleave.html: -1
[2019-03-29 19:04:51] EDIT iPayMaster/controllers/form.py: 0
[2019-03-29 19:07:03] EDIT iPayMaster/controllers/process.py: 0
[2019-03-29 19:07:47] EDIT iPayMaster/controllers/form.py: 0
[2019-03-29 19:08:04] EDIT iPayMaster/controllers/form.py: 1
[2019-03-29 19:08:23] EDIT iPayMaster/controllers/form.py: 0
[2019-03-29 19:12:52] EDIT iPayMaster/controllers/form.py: 0
[2019-03-29 19:14:22] EDIT iPayMaster/models/db1.py: 0
[2019-03-29 19:14:54] EDIT iPayMaster/controllers/form.py: 0
[2019-03-29 19:16:05] EDIT iPayMaster/controllers/form.py: 1
[2019-03-29 19:16:19] EDIT iPayMaster/controllers/form.py: 0
[2019-03-29 19:16:43] EDIT iPayMaster/controllers/form.py: 0
[2019-03-29 19:18:29] EDIT iPayMaster/controllers/form.py: 0
[2019-03-29 19:19:44] EDIT iPayMaster/controllers/form.py: 2
[2019-03-29 19:19:58] EDIT iPayMaster/views/form/applylve.html: 1
[2019-03-29 19:22:19] EDIT iPayMaster/controllers/form.py: 0
[2019-03-29 19:23:14] EDIT iPayMaster/controllers/form.py: 0
[2019-03-29 19:27:43] EDIT iPayMaster/controllers/form.py: 0
[2019-03-29 19:29:33] EDIT iPayMaster/controllers/form.py: 0
[2019-03-29 19:31:15] EDIT iPayMaster/controllers/form.py: 0
[2019-03-29 19:33:06] EDIT iPayMaster/views/form/applylve.html: -1
[2019-03-29 19:43:22] EDIT iPayMaster/controllers/form.py: 8
[2019-03-29 19:43:28] EDIT iPayMaster/controllers/form.py: 0
[2019-03-29 19:44:44] EDIT iPayMaster/controllers/process.py: 0
[2019-03-29 19:46:19] EDIT iPayMaster/controllers/form.py: 1
[2019-03-29 19:48:54] EDIT iPayMaster/controllers/form.py: 2
[2019-03-29 19:49:58] EDIT iPayMaster/controllers/form.py: 0
[2019-03-29 19:50:35] EDIT iPayMaster/controllers/form.py: 0
[2019-03-29 19:52:09] EDIT iPayMaster/controllers/form.py: 1
[2019-03-29 19:53:35] EDIT iPayMaster/controllers/form.py: 0
[2019-03-29 20:00:01] EDIT iPayMaster/controllers/form.py: 0
[2019-03-29 20:01:16] EDIT iPayMaster/controllers/form.py: 0
[2019-03-29 20:01:40] EDIT iPayMaster/controllers/form.py: 0
[2019-03-29 20:02:08] EDIT iPayMaster/controllers/form.py: 0
[2019-03-29 20:02:27] EDIT iPayMaster/controllers/form.py: 0
[2019-03-29 20:02:53] EDIT iPayMaster/controllers/process.py: 0
[2019-03-29 20:10:06] EDIT iPayMaster/controllers/form.py: 0
[2019-03-29 20:10:46] EDIT iPayMaster/controllers/form.py: 0
[2019-03-29 20:11:06] EDIT iPayMaster/controllers/form.py: 0
[2019-03-29 20:11:28] EDIT iPayMaster/controllers/form.py: 0
[2019-03-29 20:11:52] EDIT iPayMaster/controllers/form.py: -3
[2019-03-29 20:13:00] EDIT iPayMaster/controllers/form.py: 0
[2019-03-29 20:15:40] EDIT iPayMaster/models/db1.py: 0
[2019-03-29 20:16:39] EDIT iPayMaster/controllers/form.py: 3
[2019-03-29 20:18:54] EDIT iPayMaster/controllers/process.py: 0
[2019-03-29 20:19:43] EDIT iPayMaster/controllers/form.py: 1
[2019-03-29 20:20:33] EDIT iPayMaster/controllers/form.py: 0
[2019-03-29 20:20:55] EDIT iPayMaster/controllers/form.py: 0
[2019-03-29 20:22:05] EDIT iPayMaster/controllers/form.py: 0
[2019-03-29 20:22:21] EDIT iPayMaster/controllers/form.py: 0
[2019-04-02 19:11:21] EDIT iPayMaster/models/menu.py: 0
[2019-04-03 12:13:41] EDIT iPayMaster/models/db1.py: 0
[2019-04-03 12:13:49] EDIT iPayMaster/models/db1.py: 0
[2019-04-03 20:33:38] EDIT iPayMaster/controllers/form.py: 0
[2019-04-03 20:34:29] EDIT iPayMaster/views/form/signup.html: 1
[2019-04-03 20:35:22] EDIT iPayMaster/controllers/form.py: 1
[2019-04-03 20:36:52] EDIT iPayMaster/controllers/form.py: 0
[2019-04-03 20:38:21] EDIT iPayMaster/views/form/signup.html: -1
[2019-04-03 20:40:39] EDIT iPayMaster/controllers/form.py: -2
[2019-04-03 20:43:10] EDIT iPayMaster/controllers/form.py: 0
[2019-04-03 20:43:18] EDIT iPayMaster/controllers/form.py: 0
[2019-04-03 20:44:11] EDIT iPayMaster/controllers/form.py: 1
[2019-04-03 20:47:56] EDIT iPayMaster/controllers/form.py: 0
[2019-04-03 20:49:18] EDIT iPayMaster/controllers/form.py: 0
[2019-04-03 20:52:52] EDIT iPayMaster/controllers/form.py: 0
[2019-04-03 20:53:04] EDIT iPayMaster/controllers/form.py: 0
[2019-04-03 20:53:18] EDIT iPayMaster/controllers/form.py: 0
[2019-04-03 20:53:28] EDIT iPayMaster/controllers/form.py: -1
[2019-04-03 20:58:36] EDIT iPayMaster/models/menu.py: 0
[2019-04-03 20:58:43] EDIT iPayMaster/models/menu.py: 0
[2019-04-03 21:12:53] EDIT iPayMaster/models/menu.py: 1
[2019-04-03 21:13:18] EDIT iPayMaster/models/menu.py: 0
[2019-04-03 21:16:23] EDIT iPayMaster/controllers/form.py: 0
[2019-04-03 21:16:32] EDIT iPayMaster/controllers/form.py: 0
[2019-04-03 21:18:53] EDIT iPayMaster/controllers/process.py: 0
[2019-04-03 21:19:00] EDIT iPayMaster/controllers/process.py: 0
[2019-04-03 21:21:34] EDIT iPayMaster/controllers/form.py: 0
