[2019-01-20 15:54:49] START
[2019-01-20 16:03:34] EDIT iSpark/models/menu.py: 2
[2019-01-20 19:44:18] EDIT iSpark/models/db.py: 32
[2019-01-20 19:46:42] EDIT iSpark/models/db.py: 0
[2019-01-20 19:50:10] EDIT iSpark/models/db.py: -16
[2019-01-20 19:50:56] EDIT iSpark/models/db.py: -12
[2019-01-20 19:52:24] EDIT iSpark/models/db.py: 12
[2019-01-20 19:52:51] EDIT iSpark/models/db.py: 0
[2019-01-20 19:53:14] EDIT iSpark/models/db.py: 16
[2019-01-20 19:54:08] EDIT iSpark/models/db.py: 0
[2019-01-20 19:58:46] EDIT iSpark/models/db.py: 0
[2019-01-20 19:59:14] EDIT iSpark/models/db.py: 0
[2019-01-20 19:59:16] EDIT iSpark/models/db.py: 0
[2019-01-20 19:59:17] EDIT iSpark/models/db.py: 0
[2019-01-20 19:59:18] EDIT iSpark/models/db.py: 0
[2019-01-20 19:59:19] EDIT iSpark/models/db.py: 0
[2019-01-20 19:59:20] EDIT iSpark/models/db.py: 0
[2019-01-20 20:02:50] CREATE form.py: 0
[2019-01-20 20:06:27] EDIT iSpark/controllers/form.py: 11
[2019-01-20 20:07:00] CREATE form/designations.html: 0
[2019-01-20 20:07:25] CREATE form/employees.html: 0
[2019-01-20 20:07:48] CREATE form/leaves.html: 0
[2019-01-20 20:08:11] CREATE form/salaries.html: 0
[2019-01-20 20:08:46] EDIT iSpark/views/form/designations.html: -1
[2019-01-20 20:09:08] EDIT iSpark/views/form/employees.html: -1
[2019-01-20 20:09:41] EDIT iSpark/views/form/leaves.html: -1
[2019-01-20 20:10:02] EDIT iSpark/views/form/salaries.html: -1
[2019-01-20 20:14:59] EDIT iSpark/models/menu.py: 2
[2019-01-20 20:16:53] EDIT iSpark/views/form/designations.html: 0
[2019-01-20 20:19:35] EDIT iSpark/controllers/default.py: -1
[2019-01-20 20:23:10] EDIT iSpark/views/layout.html: 0
[2019-01-20 20:24:58] EDIT iSpark/models/menu.py: -94
[2019-01-20 20:29:01] EDIT iSpark/views/default/index.html: 0
[2019-01-20 20:42:31] EDIT iSpark/views/default/index.html: 0
[2019-01-20 20:46:28] EDIT iSpark/views/layout.html: 0
[2019-01-20 20:46:43] EDIT iSpark/views/layout.html: 0
[2019-01-20 20:59:19] EDIT iSpark/views/default/index.html: 0
[2019-01-20 21:00:03] EDIT iSpark/views/default/index.html: -6
[2019-01-20 21:01:43] EDIT iSpark/controllers/default.py: -14
[2019-01-20 21:02:19] EDIT iSpark/controllers/default.py: 14
[2019-01-20 21:02:30] EDIT iSpark/controllers/default.py: 0
[2019-01-20 21:03:55] EDIT iSpark/views/default/index.html: -4
[2019-01-20 21:05:20] EDIT iSpark/views/default/index.html: 1
[2019-01-20 21:08:44] EDIT iSpark/views/layout.html: 0
[2019-01-20 21:09:55] EDIT iSpark/views/layout.html: 0
[2019-01-20 21:10:25] EDIT iSpark/views/layout.html: 0
[2019-01-20 21:10:33] EDIT iSpark/views/layout.html: 0
[2019-01-20 21:13:13] EDIT iSpark/views/layout.html: 0
[2019-01-20 21:14:36] EDIT iSpark/views/layout.html: 0
[2019-01-20 22:05:23] EDIT iSpark/models/db.py: 0
[2019-01-20 22:05:41] EDIT iSpark/models/db.py: 0
[2019-01-20 22:05:55] EDIT iSpark/models/db.py: 0
[2019-01-20 22:07:37] EDIT iSpark/models/db.py: 0
[2019-01-25 11:07:21] EDIT iSpark/models/db.py: -1
[2019-01-25 11:09:35] EDIT iSpark/controllers/form.py: 0
[2019-01-25 11:24:34] EDIT iSpark/models/db.py: 3
[2019-01-25 11:24:48] EDIT iSpark/models/db.py: 0
[2019-01-25 11:28:42] EDIT iSpark/models/db.py: 2
[2019-01-25 11:32:04] EDIT iSpark/models/db.py: 1
[2019-01-25 11:32:20] EDIT iSpark/models/db.py: 0
[2019-01-25 11:32:21] EDIT iSpark/models/db.py: 0
[2019-01-25 11:34:24] EDIT iSpark/models/db.py: 1
[2019-01-25 11:36:35] EDIT iSpark/models/db.py: 0
[2019-01-25 11:41:02] EDIT iSpark/models/db.py: -2
[2019-01-25 11:43:15] EDIT iSpark/models/db.py: 3
[2019-01-25 11:44:42] EDIT iSpark/models/db.py: 0
[2019-01-25 11:46:15] EDIT iSpark/models/db.py: 0
[2019-01-25 11:47:44] EDIT iSpark/models/db.py: 0
[2019-01-25 11:47:50] EDIT iSpark/models/db.py: 0
[2019-01-25 12:10:24] EDIT iSpark/models/db.py: 0
[2019-01-25 12:24:41] EDIT iSpark/models/db.py: 5
[2019-01-25 12:30:44] EDIT iSpark/models/db.py: 8
[2019-02-01 16:02:45] EDIT iSpark/models/db.py: 0
[2019-02-01 16:05:45] EDIT iSpark/models/db.py: 0
[2019-02-01 16:06:38] EDIT iSpark/models/db.py: 0
[2019-02-01 16:11:43] EDIT iSpark/models/db.py: 0
[2019-02-03 10:34:02] EDIT iSpark/views/layout.html: 0
[2019-02-03 10:34:39] EDIT iSpark/views/layout.html: 0
[2019-02-03 10:35:10] EDIT iSpark/views/layout.html: 0
[2019-02-03 10:41:02] EDIT iSpark/views/layout.html: 0
[2019-02-03 10:41:29] EDIT iSpark/views/layout.html: 0
[2019-02-03 10:41:44] EDIT iSpark/views/layout.html: 0
[2019-02-03 10:41:44] EDIT iSpark/views/layout.html: 0
[2019-02-03 10:43:02] EDIT iSpark/views/layout.html: 0
[2019-02-03 10:43:30] EDIT iSpark/views/layout.html: 0
[2019-02-03 10:44:42] EDIT iSpark/views/layout.html: 0
[2019-02-03 10:44:43] EDIT iSpark/views/layout.html: 0
[2019-02-07 21:45:58] EDIT iSpark/models/db.py: 4
[2019-02-07 21:50:36] EDIT iSpark/models/db.py: -16
[2019-02-07 21:52:12] EDIT iSpark/models/db.py: 1
[2019-02-07 22:17:22] EDIT iSpark/models/db.py: 31
[2019-02-07 22:26:41] EDIT iSpark/models/db.py: 23
[2019-02-07 22:27:51] EDIT iSpark/controllers/form.py: 3
[2019-02-07 22:29:20] EDIT iSpark/controllers/form.py: 6
[2019-02-07 22:30:02] CREATE form/prb.html: 0
[2019-02-07 22:30:26] EDIT iSpark/views/form/prb.html: -1
[2019-02-07 22:30:57] CREATE form/remitence.html: 0
[2019-02-07 22:31:24] EDIT iSpark/views/form/remitence.html: -1
[2019-02-07 22:31:48] CREATE form/bank.html: 0
[2019-02-07 22:32:09] EDIT iSpark/views/form/bank.html: -1
[2019-02-07 22:33:28] EDIT iSpark/models/db.py: 0
[2019-02-07 22:34:42] EDIT iSpark/models/db.py: 0
[2019-02-07 22:36:09] EDIT iSpark/models/db.py: 0
[2019-02-08 09:59:34] EDIT iSpark/models/db.py: 0
[2019-02-08 10:21:32] EDIT iSpark/models/db.py: 0
[2019-02-08 10:52:20] EDIT iSpark/models/db.py: 0
[2019-02-08 12:11:41] EDIT iSpark/models/db.py: 0
[2019-02-08 14:17:45] EDIT iSpark/models/db.py: 0
[2019-02-08 14:18:44] EDIT iSpark/models/db.py: -1
[2019-02-08 14:19:30] EDIT iSpark/models/db.py: 0
[2019-02-08 14:22:28] EDIT iSpark/models/db.py: 0
[2019-02-08 14:22:59] EDIT iSpark/models/db.py: -1
[2019-02-08 14:24:44] EDIT iSpark/models/db.py: 0
[2019-02-08 14:27:29] EDIT iSpark/controllers/form.py: 0
[2019-02-08 14:28:44] DELETE iSpark/views/form/prb.html: -2
[2019-02-08 14:28:57] CREATE form/pbr.html: 0
[2019-02-08 14:29:09] EDIT iSpark/views/form/pbr.html: -1
[2019-02-08 14:29:59] EDIT iSpark/views/form/pbr.html: 0
[2019-02-08 14:33:01] EDIT iSpark/models/db.py: 0
[2019-02-08 14:35:30] EDIT iSpark/models/db.py: 0
[2019-02-08 14:36:53] EDIT iSpark/models/db.py: 0
[2019-02-12 13:24:54] EDIT iSpark/models/db.py: 2
[2019-02-12 13:54:39] EDIT iSpark/models/db.py: 0
[2019-02-12 14:09:15] EDIT iSpark/models/db.py: 0
[2019-02-12 14:11:53] EDIT iSpark/models/db.py: -95
[2019-02-12 14:12:08] CREATE db1.py: 0
[2019-02-12 14:12:19] EDIT iSpark/models/db1.py: 95
[2019-02-12 14:13:12] EDIT iSpark/models/db1.py: -5
[2019-02-12 14:14:49] EDIT iSpark/models/db1.py: 1
[2019-02-12 14:20:42] EDIT iSpark/models/db1.py: 1
[2019-02-12 14:26:48] EDIT iSpark/models/db1.py: 2
[2019-02-12 14:27:14] EDIT iSpark/models/db1.py: 0
[2019-02-12 14:28:07] EDIT iSpark/models/db1.py: -1
[2019-02-12 14:31:09] EDIT iSpark/models/db1.py: 2
[2019-02-12 14:31:26] EDIT iSpark/models/db1.py: 0
[2019-02-12 14:32:12] EDIT iSpark/models/db1.py: 0
[2019-02-12 14:33:17] EDIT iSpark/models/db1.py: 0
[2019-02-12 14:34:33] EDIT iSpark/models/db1.py: 1
[2019-02-12 14:43:07] EDIT iSpark/controllers/default.py: 0
[2019-02-12 18:42:37] EDIT iSpark/models/db1.py: 0
[2019-02-13 11:04:00] EDIT iSpark/models/db1.py: 0
[2019-02-14 09:41:59] EDIT iSpark/models/db1.py: 0
[2019-02-14 09:43:39] EDIT iSpark/models/db1.py: 0
[2019-02-14 09:43:57] EDIT iSpark/models/db1.py: 0
[2019-02-14 09:45:40] EDIT iSpark/models/db1.py: 0
[2019-02-14 09:52:28] EDIT iSpark/models/db1.py: 0
[2019-02-14 09:55:32] EDIT iSpark/models/db1.py: 0
[2019-02-14 10:08:31] EDIT iSpark/models/db1.py: 0
[2019-02-14 10:20:53] EDIT iSpark/models/db1.py: 0
[2019-02-14 10:31:30] EDIT iSpark/models/db1.py: -3
[2019-02-14 10:53:46] EDIT iSpark/models/db1.py: 0
[2019-02-14 11:00:09] EDIT iSpark/models/db1.py: 0
[2019-02-14 11:22:33] EDIT iSpark/models/db1.py: -1
[2019-02-14 11:40:08] EDIT iSpark/models/db1.py: 6
[2019-02-14 11:40:43] EDIT iSpark/models/db1.py: 0
[2019-02-14 11:40:45] EDIT iSpark/models/db1.py: 0
[2019-02-14 12:06:56] EDIT iSpark/views/layout.html: 0
[2019-02-14 12:07:23] EDIT iSpark/views/layout.html: 0
[2019-02-14 12:20:30] EDIT iSpark/models/db1.py: 0
[2019-02-15 10:11:39] EDIT iSpark/models/db1.py: 0
[2019-02-15 10:12:59] EDIT iSpark/models/db1.py: -1
[2019-02-15 10:13:15] EDIT iSpark/models/db1.py: 0
[2019-02-15 10:13:44] EDIT iSpark/models/db1.py: 0
[2019-02-15 10:27:41] EDIT iSpark/models/db1.py: 0
[2019-02-15 10:36:41] EDIT iSpark/models/db1.py: 0
[2019-02-15 10:57:10] EDIT iSpark/controllers/form.py: -3
[2019-02-15 11:20:09] EDIT iSpark/models/db1.py: 0
